Analysis initiated from SIMULIA established products
Abaqus JOB P2-A-2
Abaqus Learning Edition 2022
Begin Analysis Input File Processor
28/10/2024 12:18:35
Run pre.exe
28/10/2024 12:18:38
End Analysis Input File Processor
Begin Abaqus/Standard Analysis
28/10/2024 12:18:38
Run standard.exe
28/10/2024 12:18:42
End Abaqus/Standard Analysis
Begin SIM Wrap-up
28/10/2024 12:18:42
Run SMASimUtility.exe
28/10/2024 12:18:42
End SIM Wrap-up
!!! EXCEPTION:
!!!   System Error RemoveDirectory: Acceso denegado.

!!! TRACEBACK:
!!!   SMASimUttFileUtils::RemoveDir
!!!   SMASimFileCleaner::Teardown
!!!   SMASimFileCleaner_Teardown
!!!   DllCanUnloadNow
!!!   DllCanUnloadNow
!!!   DllCanUnloadNow
!!!   DllCanUnloadNow
!!!   <stack frame not available>
!!!   PyObject_Call
!!!   setPyEvalInterruptCheckABQ
!!!   setPyEvalInterruptCheckABQ
!!!   PyEval_EvalFrameEx
!!!   PyEval_EvalCodeEx
!!!   setPyEvalInterruptCheckABQ
!!!   PyEval_EvalFrameEx
!!!   PyEval_EvalCodeEx
!!!   setPyEvalInterruptCheckABQ
!!!   PyEval_EvalFrameEx
!!!   PyEval_EvalCodeEx
!!!   setPyEvalInterruptCheckABQ
!!!   PyEval_EvalFrameEx
!!!   PyEval_EvalCodeEx
!!!   PyEval_EvalCode
!!!   PyParser_SetError
!!!   PyRun_FileExFlags
!!!   PyRun_SimpleFileExFlags
!!!   PyRun_AnyFileExFlags
!!!   Py_Main
!!!   <stack frame not available>
!!!   <stack frame not available>
!!!   BaseThreadInitThunk
!!!   RtlUserThreadStart
!!! EXCEPTION:
!!!   System Error RemoveDirectory: Acceso denegado.

!!! TRACEBACK:
!!!   SMASimUttFileUtils::RemoveDir
!!!   SMASimInterface_initializeC
!!!   _CxxFrameHandler4
!!!   <stack frame not available>
!!!   RtlCaptureContext
!!!   SMASimFileCleaner::Teardown
!!!   SMASimFileCleaner_Teardown
!!!   DllCanUnloadNow
!!!   DllCanUnloadNow
!!!   DllCanUnloadNow
!!!   DllCanUnloadNow
!!!   <stack frame not available>
!!!   PyObject_Call
!!!   setPyEvalInterruptCheckABQ
!!!   setPyEvalInterruptCheckABQ
!!!   PyEval_EvalFrameEx
!!!   PyEval_EvalCodeEx
!!!   setPyEvalInterruptCheckABQ
!!!   PyEval_EvalFrameEx
!!!   PyEval_EvalCodeEx
!!!   setPyEvalInterruptCheckABQ
!!!   PyEval_EvalFrameEx
!!!   PyEval_EvalCodeEx
!!!   setPyEvalInterruptCheckABQ
!!!   PyEval_EvalFrameEx
!!!   PyEval_EvalCodeEx
!!!   PyEval_EvalCode
!!!   PyParser_SetError
!!!   PyRun_FileExFlags
!!!   PyRun_SimpleFileExFlags
!!!   PyRun_AnyFileExFlags
!!!   Py_Main
!!!   <stack frame not available>
!!!   <stack frame not available>
!!!   BaseThreadInitThunk
!!!   RtlUserThreadStart
!!! Error in SMASimFileCleaner::RemoveDir "System Error RemoveDirectory: Acceso denegado.
"
!!! Failure to delete directory: "D:\OneDrive - Universidad Politécnica de Madrid\00_CLASES\Elementos_finitos\MEF_MUIECyM\P2-Calor_y_P3-Filtracion\P2-A\P2-A-2.simdir"
Abaqus JOB P2-A-2 COMPLETED
