Analysis initiated from SIMULIA established products
Abaqus JOB P4-A-quad
Abaqus Learning Edition 2022
Begin Analysis Input File Processor
30/10/2024 12:39:26
Run pre.exe
30/10/2024 12:39:28
End Analysis Input File Processor
Begin Abaqus/Standard Analysis
30/10/2024 12:39:28
Run standard.exe
30/10/2024 12:39:32
End Abaqus/Standard Analysis
Begin SIM Wrap-up
30/10/2024 12:39:32
Run SMASimUtility.exe
30/10/2024 12:39:32
End SIM Wrap-up
!!! EXCEPTION:
!!!   System Error RemoveDirectory: Acceso denegado.

!!! TRACEBACK:
!!!   SMASimUttFileUtils::RemoveDir
!!!   SMASimFileCleaner::Teardown
!!!   SMASimFileCleaner_Teardown
!!!   DllCanUnloadNow
!!!   DllCanUnloadNow
!!!   DllCanUnloadNow
!!!   DllCanUnloadNow
!!!   <stack frame not available>
!!!   PyObject_Call
!!!   setPyEvalInterruptCheckABQ
!!!   setPyEvalInterruptCheckABQ
!!!   PyEval_EvalFrameEx
!!!   PyEval_EvalCodeEx
!!!   setPyEvalInterruptCheckABQ
!!!   PyEval_EvalFrameEx
!!!   PyEval_EvalCodeEx
!!!   setPyEvalInterruptCheckABQ
!!!   PyEval_EvalFrameEx
!!!   PyEval_EvalCodeEx
!!!   setPyEvalInterruptCheckABQ
!!!   PyEval_EvalFrameEx
!!!   PyEval_EvalCodeEx
!!!   PyEval_EvalCode
!!!   PyParser_SetError
!!!   PyRun_FileExFlags
!!!   PyRun_SimpleFileExFlags
!!!   PyRun_AnyFileExFlags
!!!   Py_Main
!!!   <stack frame not available>
!!!   <stack frame not available>
!!!   BaseThreadInitThunk
!!!   RtlUserThreadStart
!!! EXCEPTION:
!!!   System Error RemoveDirectory: Acceso denegado.

!!! TRACEBACK:
!!!   SMASimUttFileUtils::RemoveDir
!!!   SMASimInterface_initializeC
!!!   _CxxFrameHandler4
!!!   <stack frame not available>
!!!   RtlCaptureContext
!!!   SMASimFileCleaner::Teardown
!!!   SMASimFileCleaner_Teardown
!!!   DllCanUnloadNow
!!!   DllCanUnloadNow
!!!   DllCanUnloadNow
!!!   DllCanUnloadNow
!!!   <stack frame not available>
!!!   PyObject_Call
!!!   setPyEvalInterruptCheckABQ
!!!   setPyEvalInterruptCheckABQ
!!!   PyEval_EvalFrameEx
!!!   PyEval_EvalCodeEx
!!!   setPyEvalInterruptCheckABQ
!!!   PyEval_EvalFrameEx
!!!   PyEval_EvalCodeEx
!!!   setPyEvalInterruptCheckABQ
!!!   PyEval_EvalFrameEx
!!!   PyEval_EvalCodeEx
!!!   setPyEvalInterruptCheckABQ
!!!   PyEval_EvalFrameEx
!!!   PyEval_EvalCodeEx
!!!   PyEval_EvalCode
!!!   PyParser_SetError
!!!   PyRun_FileExFlags
!!!   PyRun_SimpleFileExFlags
!!!   PyRun_AnyFileExFlags
!!!   Py_Main
!!!   <stack frame not available>
!!!   <stack frame not available>
!!!   BaseThreadInitThunk
!!!   RtlUserThreadStart
!!! Error in SMASimFileCleaner::RemoveDir "System Error RemoveDirectory: Acceso denegado.
"
!!! Failure to delete directory: "D:\OneDrive - Universidad Politécnica de Madrid\00_CLASES\Elementos_finitos\MEF_MUIECyM\P4-Elasticidad\P4-A-CAE\P4-A-quad.simdir"
Abaqus JOB P4-A-quad COMPLETED
