This is pdfTeX, Version 3.141592653-2.6-1.40.25 (TeX Live 2023) (preloaded format=pdflatex 2023.9.18)  19 OCT 2023 10:29
entering extended mode
 restricted \write18 enabled.
 %&-line parsing enabled.
**1065vigas.tex
(./1065vigas.tex
LaTeX2e <2022-11-01> patch level 1
L3 programming layer <2023-02-22>
(/usr/local/texlive/2023/texmf-dist/tex/latex/beamer/beamer.cls
Document Class: beamer 2023/02/20 v3.69 A class for typesetting presentations
(/usr/local/texlive/2023/texmf-dist/tex/latex/beamer/beamerbasemodes.sty
(/usr/local/texlive/2023/texmf-dist/tex/latex/etoolbox/etoolbox.sty
Package: etoolbox 2020/10/05 v2.5k e-TeX tools for LaTeX (JAW)
\etb@tempcnta=\count185
)
\beamer@tempbox=\box51
\beamer@tempcount=\count186
\c@beamerpauses=\count187

(/usr/local/texlive/2023/texmf-dist/tex/latex/beamer/beamerbasedecode.sty
\beamer@slideinframe=\count188
\beamer@minimum=\count189
\beamer@decode@box=\box52
)
\beamer@commentbox=\box53
\beamer@modecount=\count190
)
(/usr/local/texlive/2023/texmf-dist/tex/generic/iftex/iftex.sty
Package: iftex 2022/02/03 v1.0f TeX engine tests
)
\headdp=\dimen140
\footheight=\dimen141
\sidebarheight=\dimen142
\beamer@tempdim=\dimen143
\beamer@finalheight=\dimen144
\beamer@animht=\dimen145
\beamer@animdp=\dimen146
\beamer@animwd=\dimen147
\beamer@leftmargin=\dimen148
\beamer@rightmargin=\dimen149
\beamer@leftsidebar=\dimen150
\beamer@rightsidebar=\dimen151
\beamer@boxsize=\dimen152
\beamer@vboxoffset=\dimen153
\beamer@descdefault=\dimen154
\beamer@descriptionwidth=\dimen155
\beamer@lastskip=\skip48
\beamer@areabox=\box54
\beamer@animcurrent=\box55
\beamer@animshowbox=\box56
\beamer@sectionbox=\box57
\beamer@logobox=\box58
\beamer@linebox=\box59
\beamer@sectioncount=\count191
\beamer@subsubsectionmax=\count192
\beamer@subsectionmax=\count193
\beamer@sectionmax=\count194
\beamer@totalheads=\count195
\beamer@headcounter=\count196
\beamer@partstartpage=\count197
\beamer@sectionstartpage=\count198
\beamer@subsectionstartpage=\count199
\beamer@animationtempa=\count266
\beamer@animationtempb=\count267
\beamer@xpos=\count268
\beamer@ypos=\count269
\beamer@ypos@offset=\count270
\beamer@showpartnumber=\count271
\beamer@currentsubsection=\count272
\beamer@coveringdepth=\count273
\beamer@sectionadjust=\count274
\beamer@toclastsection=\count275
\beamer@tocsectionnumber=\count276

(/usr/local/texlive/2023/texmf-dist/tex/latex/beamer/beamerbaseoptions.sty
(/usr/local/texlive/2023/texmf-dist/tex/latex/graphics/keyval.sty
Package: keyval 2022/05/29 v1.15 key=value parser (DPC)
\KV@toks@=\toks16
))
\beamer@paperwidth=\skip49
\beamer@paperheight=\skip50

(/usr/local/texlive/2023/texmf-dist/tex/latex/geometry/geometry.sty
Package: geometry 2020/01/02 v5.9 Page Geometry

(/usr/local/texlive/2023/texmf-dist/tex/generic/iftex/ifvtex.sty
Package: ifvtex 2019/10/25 v1.7 ifvtex legacy package. Use iftex instead.
)
\Gm@cnth=\count277
\Gm@cntv=\count278
\c@Gm@tempcnt=\count279
\Gm@bindingoffset=\dimen156
\Gm@wd@mp=\dimen157
\Gm@odd@mp=\dimen158
\Gm@even@mp=\dimen159
\Gm@layoutwidth=\dimen160
\Gm@layoutheight=\dimen161
\Gm@layouthoffset=\dimen162
\Gm@layoutvoffset=\dimen163
\Gm@dimlist=\toks17
)
(/usr/local/texlive/2023/texmf-dist/tex/latex/pgf/math/pgfmath.sty
(/usr/local/texlive/2023/texmf-dist/tex/latex/pgf/utilities/pgfrcs.sty
(/usr/local/texlive/2023/texmf-dist/tex/generic/pgf/utilities/pgfutil-common.te
x
\pgfutil@everybye=\toks18
\pgfutil@tempdima=\dimen164
\pgfutil@tempdimb=\dimen165
)
(/usr/local/texlive/2023/texmf-dist/tex/generic/pgf/utilities/pgfutil-latex.def
\pgfutil@abb=\box60
) (/usr/local/texlive/2023/texmf-dist/tex/generic/pgf/utilities/pgfrcs.code.tex
(/usr/local/texlive/2023/texmf-dist/tex/generic/pgf/pgf.revision.tex)
Package: pgfrcs 2023-01-15 v3.1.10 (3.1.10)
))
(/usr/local/texlive/2023/texmf-dist/tex/latex/pgf/utilities/pgfkeys.sty
(/usr/local/texlive/2023/texmf-dist/tex/generic/pgf/utilities/pgfkeys.code.tex
\pgfkeys@pathtoks=\toks19
\pgfkeys@temptoks=\toks20

(/usr/local/texlive/2023/texmf-dist/tex/generic/pgf/utilities/pgfkeyslibraryfil
tered.code.tex
\pgfkeys@tmptoks=\toks21
)))
(/usr/local/texlive/2023/texmf-dist/tex/generic/pgf/math/pgfmath.code.tex
(/usr/local/texlive/2023/texmf-dist/tex/generic/pgf/math/pgfmathutil.code.tex
\pgf@x=\dimen166
\pgf@xa=\dimen167
\pgf@xb=\dimen168
\pgf@xc=\dimen169
\pgf@y=\dimen170
\pgf@ya=\dimen171
\pgf@yb=\dimen172
\pgf@yc=\dimen173
\c@pgf@counta=\count280
\c@pgf@countb=\count281
\c@pgf@countc=\count282
\c@pgf@countd=\count283
)
(/usr/local/texlive/2023/texmf-dist/tex/generic/pgf/math/pgfmathparser.code.tex
\pgfmath@dimen=\dimen174
\pgfmath@count=\count284
\pgfmath@box=\box61
\pgfmath@toks=\toks22
\pgfmath@stack@operand=\toks23
\pgfmath@stack@operation=\toks24
)
(/usr/local/texlive/2023/texmf-dist/tex/generic/pgf/math/pgfmathfunctions.code.
tex)
(/usr/local/texlive/2023/texmf-dist/tex/generic/pgf/math/pgfmathfunctions.basic
.code.tex)
(/usr/local/texlive/2023/texmf-dist/tex/generic/pgf/math/pgfmathfunctions.trigo
nometric.code.tex)
(/usr/local/texlive/2023/texmf-dist/tex/generic/pgf/math/pgfmathfunctions.rando
m.code.tex)
(/usr/local/texlive/2023/texmf-dist/tex/generic/pgf/math/pgfmathfunctions.compa
rison.code.tex)
(/usr/local/texlive/2023/texmf-dist/tex/generic/pgf/math/pgfmathfunctions.base.
code.tex)
(/usr/local/texlive/2023/texmf-dist/tex/generic/pgf/math/pgfmathfunctions.round
.code.tex)
(/usr/local/texlive/2023/texmf-dist/tex/generic/pgf/math/pgfmathfunctions.misc.
code.tex)
(/usr/local/texlive/2023/texmf-dist/tex/generic/pgf/math/pgfmathfunctions.integ
erarithmetics.code.tex)
(/usr/local/texlive/2023/texmf-dist/tex/generic/pgf/math/pgfmathcalc.code.tex)
(/usr/local/texlive/2023/texmf-dist/tex/generic/pgf/math/pgfmathfloat.code.tex
\c@pgfmathroundto@lastzeros=\count285
))) (/usr/local/texlive/2023/texmf-dist/tex/latex/base/size11.clo
File: size11.clo 2022/07/02 v1.4n Standard LaTeX file (size option)
)
(/usr/local/texlive/2023/texmf-dist/tex/latex/pgf/basiclayer/pgfcore.sty
(/usr/local/texlive/2023/texmf-dist/tex/latex/graphics/graphicx.sty
Package: graphicx 2021/09/16 v1.2d Enhanced LaTeX Graphics (DPC,SPQR)

(/usr/local/texlive/2023/texmf-dist/tex/latex/graphics/graphics.sty
Package: graphics 2022/03/10 v1.4e Standard LaTeX Graphics (DPC,SPQR)

(/usr/local/texlive/2023/texmf-dist/tex/latex/graphics/trig.sty
Package: trig 2021/08/11 v1.11 sin cos tan (DPC)
)
(/usr/local/texlive/2023/texmf-dist/tex/latex/graphics-cfg/graphics.cfg
File: graphics.cfg 2016/06/04 v1.11 sample graphics configuration
)
Package graphics Info: Driver file: pdftex.def on input line 107.

(/usr/local/texlive/2023/texmf-dist/tex/latex/graphics-def/pdftex.def
File: pdftex.def 2022/09/22 v1.2b Graphics/color driver for pdftex
))
\Gin@req@height=\dimen175
\Gin@req@width=\dimen176
)
(/usr/local/texlive/2023/texmf-dist/tex/latex/pgf/systemlayer/pgfsys.sty
(/usr/local/texlive/2023/texmf-dist/tex/generic/pgf/systemlayer/pgfsys.code.tex
Package: pgfsys 2023-01-15 v3.1.10 (3.1.10)
\pgf@x=\dimen177
\pgf@y=\dimen178
\pgf@xa=\dimen179
\pgf@ya=\dimen180
\pgf@xb=\dimen181
\pgf@yb=\dimen182
\pgf@xc=\dimen183
\pgf@yc=\dimen184
\pgf@xd=\dimen185
\pgf@yd=\dimen186
\w@pgf@writea=\write3
\r@pgf@reada=\read2
\c@pgf@counta=\count286
\c@pgf@countb=\count287
\c@pgf@countc=\count288
\c@pgf@countd=\count289
\t@pgf@toka=\toks25
\t@pgf@tokb=\toks26
\t@pgf@tokc=\toks27
\pgf@sys@id@count=\count290
(/usr/local/texlive/2023/texmf-dist/tex/generic/pgf/systemlayer/pgf.cfg
File: pgf.cfg 2023-01-15 v3.1.10 (3.1.10)
)
Driver file for pgf: pgfsys-pdftex.def

(/usr/local/texlive/2023/texmf-dist/tex/generic/pgf/systemlayer/pgfsys-pdftex.d
ef
File: pgfsys-pdftex.def 2023-01-15 v3.1.10 (3.1.10)

(/usr/local/texlive/2023/texmf-dist/tex/generic/pgf/systemlayer/pgfsys-common-p
df.def
File: pgfsys-common-pdf.def 2023-01-15 v3.1.10 (3.1.10)
)))
(/usr/local/texlive/2023/texmf-dist/tex/generic/pgf/systemlayer/pgfsyssoftpath.
code.tex
File: pgfsyssoftpath.code.tex 2023-01-15 v3.1.10 (3.1.10)
\pgfsyssoftpath@smallbuffer@items=\count291
\pgfsyssoftpath@bigbuffer@items=\count292
)
(/usr/local/texlive/2023/texmf-dist/tex/generic/pgf/systemlayer/pgfsysprotocol.
code.tex
File: pgfsysprotocol.code.tex 2023-01-15 v3.1.10 (3.1.10)
)) (/usr/local/texlive/2023/texmf-dist/tex/latex/xcolor/xcolor.sty
Package: xcolor 2022/06/12 v2.14 LaTeX color extensions (UK)

(/usr/local/texlive/2023/texmf-dist/tex/latex/graphics-cfg/color.cfg
File: color.cfg 2016/01/02 v1.6 sample color configuration
)
Package xcolor Info: Driver file: pdftex.def on input line 227.

(/usr/local/texlive/2023/texmf-dist/tex/latex/graphics/mathcolor.ltx)
Package xcolor Info: Model `cmy' substituted by `cmy0' on input line 1353.
Package xcolor Info: Model `hsb' substituted by `rgb' on input line 1357.
Package xcolor Info: Model `RGB' extended on input line 1369.
Package xcolor Info: Model `HTML' substituted by `rgb' on input line 1371.
Package xcolor Info: Model `Hsb' substituted by `hsb' on input line 1372.
Package xcolor Info: Model `tHsb' substituted by `hsb' on input line 1373.
Package xcolor Info: Model `HSB' substituted by `hsb' on input line 1374.
Package xcolor Info: Model `Gray' substituted by `gray' on input line 1375.
Package xcolor Info: Model `wave' substituted by `hsb' on input line 1376.

(/usr/local/texlive/2023/texmf-dist/tex/latex/xcolor/svgnam.def
File: svgnam.def 2022/06/12 v2.14 Predefined colors according to SVG 1.1 (UK)
))
(/usr/local/texlive/2023/texmf-dist/tex/generic/pgf/basiclayer/pgfcore.code.tex
Package: pgfcore 2023-01-15 v3.1.10 (3.1.10)
(/usr/local/texlive/2023/texmf-dist/tex/generic/pgf/math/pgfint.code.tex)
(/usr/local/texlive/2023/texmf-dist/tex/generic/pgf/basiclayer/pgfcorepoints.co
de.tex
File: pgfcorepoints.code.tex 2023-01-15 v3.1.10 (3.1.10)
\pgf@picminx=\dimen187
\pgf@picmaxx=\dimen188
\pgf@picminy=\dimen189
\pgf@picmaxy=\dimen190
\pgf@pathminx=\dimen191
\pgf@pathmaxx=\dimen192
\pgf@pathminy=\dimen193
\pgf@pathmaxy=\dimen194
\pgf@xx=\dimen195
\pgf@xy=\dimen196
\pgf@yx=\dimen197
\pgf@yy=\dimen198
\pgf@zx=\dimen199
\pgf@zy=\dimen256
)
(/usr/local/texlive/2023/texmf-dist/tex/generic/pgf/basiclayer/pgfcorepathconst
ruct.code.tex
File: pgfcorepathconstruct.code.tex 2023-01-15 v3.1.10 (3.1.10)
\pgf@path@lastx=\dimen257
\pgf@path@lasty=\dimen258
)
(/usr/local/texlive/2023/texmf-dist/tex/generic/pgf/basiclayer/pgfcorepathusage
.code.tex
File: pgfcorepathusage.code.tex 2023-01-15 v3.1.10 (3.1.10)
\pgf@shorten@end@additional=\dimen259
\pgf@shorten@start@additional=\dimen260
)
(/usr/local/texlive/2023/texmf-dist/tex/generic/pgf/basiclayer/pgfcorescopes.co
de.tex
File: pgfcorescopes.code.tex 2023-01-15 v3.1.10 (3.1.10)
\pgfpic=\box62
\pgf@hbox=\box63
\pgf@layerbox@main=\box64
\pgf@picture@serial@count=\count293
)
(/usr/local/texlive/2023/texmf-dist/tex/generic/pgf/basiclayer/pgfcoregraphicst
ate.code.tex
File: pgfcoregraphicstate.code.tex 2023-01-15 v3.1.10 (3.1.10)
\pgflinewidth=\dimen261
)
(/usr/local/texlive/2023/texmf-dist/tex/generic/pgf/basiclayer/pgfcoretransform
ations.code.tex
File: pgfcoretransformations.code.tex 2023-01-15 v3.1.10 (3.1.10)
\pgf@pt@x=\dimen262
\pgf@pt@y=\dimen263
\pgf@pt@temp=\dimen264
)
(/usr/local/texlive/2023/texmf-dist/tex/generic/pgf/basiclayer/pgfcorequick.cod
e.tex
File: pgfcorequick.code.tex 2023-01-15 v3.1.10 (3.1.10)
)
(/usr/local/texlive/2023/texmf-dist/tex/generic/pgf/basiclayer/pgfcoreobjects.c
ode.tex
File: pgfcoreobjects.code.tex 2023-01-15 v3.1.10 (3.1.10)
)
(/usr/local/texlive/2023/texmf-dist/tex/generic/pgf/basiclayer/pgfcorepathproce
ssing.code.tex
File: pgfcorepathprocessing.code.tex 2023-01-15 v3.1.10 (3.1.10)
)
(/usr/local/texlive/2023/texmf-dist/tex/generic/pgf/basiclayer/pgfcorearrows.co
de.tex
File: pgfcorearrows.code.tex 2023-01-15 v3.1.10 (3.1.10)
\pgfarrowsep=\dimen265
)
(/usr/local/texlive/2023/texmf-dist/tex/generic/pgf/basiclayer/pgfcoreshade.cod
e.tex
File: pgfcoreshade.code.tex 2023-01-15 v3.1.10 (3.1.10)
\pgf@max=\dimen266
\pgf@sys@shading@range@num=\count294
\pgf@shadingcount=\count295
)
(/usr/local/texlive/2023/texmf-dist/tex/generic/pgf/basiclayer/pgfcoreimage.cod
e.tex
File: pgfcoreimage.code.tex 2023-01-15 v3.1.10 (3.1.10)
)
(/usr/local/texlive/2023/texmf-dist/tex/generic/pgf/basiclayer/pgfcoreexternal.
code.tex
File: pgfcoreexternal.code.tex 2023-01-15 v3.1.10 (3.1.10)
\pgfexternal@startupbox=\box65
)
(/usr/local/texlive/2023/texmf-dist/tex/generic/pgf/basiclayer/pgfcorelayers.co
de.tex
File: pgfcorelayers.code.tex 2023-01-15 v3.1.10 (3.1.10)
)
(/usr/local/texlive/2023/texmf-dist/tex/generic/pgf/basiclayer/pgfcoretranspare
ncy.code.tex
File: pgfcoretransparency.code.tex 2023-01-15 v3.1.10 (3.1.10)
)
(/usr/local/texlive/2023/texmf-dist/tex/generic/pgf/basiclayer/pgfcorepatterns.
code.tex
File: pgfcorepatterns.code.tex 2023-01-15 v3.1.10 (3.1.10)
)
(/usr/local/texlive/2023/texmf-dist/tex/generic/pgf/basiclayer/pgfcorerdf.code.
tex
File: pgfcorerdf.code.tex 2023-01-15 v3.1.10 (3.1.10)
))) (/usr/local/texlive/2023/texmf-dist/tex/latex/pgf/utilities/xxcolor.sty
Package: xxcolor 2003/10/24 ver 0.1
\XC@nummixins=\count296
\XC@countmixins=\count297
) (/usr/local/texlive/2023/texmf-dist/tex/latex/base/atbegshi-ltx.sty
Package: atbegshi-ltx 2021/01/10 v1.0c Emulation of the original atbegshi
package with kernel methods
)
(/usr/local/texlive/2023/texmf-dist/tex/latex/hyperref/hyperref.sty
Package: hyperref 2023-02-07 v7.00v Hypertext links for LaTeX

(/usr/local/texlive/2023/texmf-dist/tex/generic/ltxcmds/ltxcmds.sty
Package: ltxcmds 2020-05-10 v1.25 LaTeX kernel commands for general use (HO)
)
(/usr/local/texlive/2023/texmf-dist/tex/generic/pdftexcmds/pdftexcmds.sty
Package: pdftexcmds 2020-06-27 v0.33 Utility functions of pdfTeX for LuaTeX (HO
)

(/usr/local/texlive/2023/texmf-dist/tex/generic/infwarerr/infwarerr.sty
Package: infwarerr 2019/12/03 v1.5 Providing info/warning/error messages (HO)
)
Package pdftexcmds Info: \pdf@primitive is available.
Package pdftexcmds Info: \pdf@ifprimitive is available.
Package pdftexcmds Info: \pdfdraftmode found.
)
(/usr/local/texlive/2023/texmf-dist/tex/latex/kvsetkeys/kvsetkeys.sty
Package: kvsetkeys 2022-10-05 v1.19 Key value parser (HO)
)
(/usr/local/texlive/2023/texmf-dist/tex/generic/kvdefinekeys/kvdefinekeys.sty
Package: kvdefinekeys 2019-12-19 v1.6 Define keys (HO)
)
(/usr/local/texlive/2023/texmf-dist/tex/generic/pdfescape/pdfescape.sty
Package: pdfescape 2019/12/09 v1.15 Implements pdfTeX's escape features (HO)
)
(/usr/local/texlive/2023/texmf-dist/tex/latex/hycolor/hycolor.sty
Package: hycolor 2020-01-27 v1.10 Color options for hyperref/bookmark (HO)
)
(/usr/local/texlive/2023/texmf-dist/tex/latex/letltxmacro/letltxmacro.sty
Package: letltxmacro 2019/12/03 v1.6 Let assignment for LaTeX macros (HO)
)
(/usr/local/texlive/2023/texmf-dist/tex/latex/auxhook/auxhook.sty
Package: auxhook 2019-12-17 v1.6 Hooks for auxiliary files (HO)
)
(/usr/local/texlive/2023/texmf-dist/tex/latex/hyperref/nameref.sty
Package: nameref 2022-05-17 v2.50 Cross-referencing by name of section

(/usr/local/texlive/2023/texmf-dist/tex/latex/refcount/refcount.sty
Package: refcount 2019/12/15 v3.6 Data extraction from label references (HO)
)
(/usr/local/texlive/2023/texmf-dist/tex/generic/gettitlestring/gettitlestring.s
ty
Package: gettitlestring 2019/12/15 v1.6 Cleanup title references (HO)
 (/usr/local/texlive/2023/texmf-dist/tex/latex/kvoptions/kvoptions.sty
Package: kvoptions 2022-06-15 v3.15 Key value format for package options (HO)
))
\c@section@level=\count298
)
\@linkdim=\dimen267
\Hy@linkcounter=\count299
\Hy@pagecounter=\count300

(/usr/local/texlive/2023/texmf-dist/tex/latex/hyperref/pd1enc.def
File: pd1enc.def 2023-02-07 v7.00v Hyperref: PDFDocEncoding definition (HO)
Now handling font encoding PD1 ...
... no UTF-8 mapping file for font encoding PD1
)
(/usr/local/texlive/2023/texmf-dist/tex/generic/intcalc/intcalc.sty
Package: intcalc 2019/12/15 v1.3 Expandable calculations with integers (HO)
)
(/usr/local/texlive/2023/texmf-dist/tex/generic/etexcmds/etexcmds.sty
Package: etexcmds 2019/12/15 v1.7 Avoid name clashes with e-TeX commands (HO)
)
\Hy@SavedSpaceFactor=\count301

(/usr/local/texlive/2023/texmf-dist/tex/latex/hyperref/puenc.def
File: puenc.def 2023-02-07 v7.00v Hyperref: PDF Unicode definition (HO)
Now handling font encoding PU ...
... no UTF-8 mapping file for font encoding PU
)
Package hyperref Info: Option `bookmarks' set `true' on input line 4060.
Package hyperref Info: Option `bookmarksopen' set `true' on input line 4060.
Package hyperref Info: Option `implicit' set `false' on input line 4060.
Package hyperref Info: Hyper figures OFF on input line 4177.
Package hyperref Info: Link nesting OFF on input line 4182.
Package hyperref Info: Hyper index ON on input line 4185.
Package hyperref Info: Plain pages OFF on input line 4192.
Package hyperref Info: Backreferencing OFF on input line 4197.
Package hyperref Info: Implicit mode OFF; no redefinition of LaTeX internals.
Package hyperref Info: Bookmarks ON on input line 4425.
\c@Hy@tempcnt=\count302

(/usr/local/texlive/2023/texmf-dist/tex/latex/url/url.sty
\Urlmuskip=\muskip16
Package: url 2013/09/16  ver 3.4  Verb mode for urls, etc.
)
LaTeX Info: Redefining \url on input line 4763.
\XeTeXLinkMargin=\dimen268

(/usr/local/texlive/2023/texmf-dist/tex/generic/bitset/bitset.sty
Package: bitset 2019/12/09 v1.3 Handle bit-vector datatype (HO)

(/usr/local/texlive/2023/texmf-dist/tex/generic/bigintcalc/bigintcalc.sty
Package: bigintcalc 2019/12/15 v1.5 Expandable calculations on big integers (HO
)
))
\Fld@menulength=\count303
\Field@Width=\dimen269
\Fld@charsize=\dimen270
Package hyperref Info: Hyper figures OFF on input line 6042.
Package hyperref Info: Link nesting OFF on input line 6047.
Package hyperref Info: Hyper index ON on input line 6050.
Package hyperref Info: backreferencing OFF on input line 6057.
Package hyperref Info: Link coloring OFF on input line 6062.
Package hyperref Info: Link coloring with OCG OFF on input line 6067.
Package hyperref Info: PDF/A mode OFF on input line 6072.
\Hy@abspage=\count304


Package hyperref Message: Stopped early.

)
Package hyperref Info: Driver (autodetected): hpdftex.
 (/usr/local/texlive/2023/texmf-dist/tex/latex/hyperref/hpdftex.def
File: hpdftex.def 2023-02-07 v7.00v Hyperref driver for pdfTeX

(/usr/local/texlive/2023/texmf-dist/tex/latex/base/atveryend-ltx.sty
Package: atveryend-ltx 2020/08/19 v1.0a Emulation of the original atveryend pac
kage
with kernel methods
)
\Fld@listcount=\count305
\c@bookmark@seq@number=\count306

(/usr/local/texlive/2023/texmf-dist/tex/latex/rerunfilecheck/rerunfilecheck.sty
Package: rerunfilecheck 2022-07-10 v1.10 Rerun checks for auxiliary files (HO)

(/usr/local/texlive/2023/texmf-dist/tex/generic/uniquecounter/uniquecounter.sty
Package: uniquecounter 2019/12/15 v1.4 Provide unlimited unique counter (HO)
)
Package uniquecounter Info: New unique counter `rerunfilecheck' on input line 2
85.
)) (/usr/local/texlive/2023/texmf-dist/tex/latex/beamer/beamerbaserequires.sty
(/usr/local/texlive/2023/texmf-dist/tex/latex/beamer/beamerbasecompatibility.st
y) (/usr/local/texlive/2023/texmf-dist/tex/latex/beamer/beamerbasefont.sty
(/usr/local/texlive/2023/texmf-dist/tex/latex/amsfonts/amssymb.sty
Package: amssymb 2013/01/14 v3.01 AMS font symbols

(/usr/local/texlive/2023/texmf-dist/tex/latex/amsfonts/amsfonts.sty
Package: amsfonts 2013/01/14 v3.01 Basic AMSFonts support
\@emptytoks=\toks28
\symAMSa=\mathgroup4
\symAMSb=\mathgroup5
LaTeX Font Info:    Redeclaring math symbol \hbar on input line 98.
LaTeX Font Info:    Overwriting math alphabet `\mathfrak' in version `bold'
(Font)                  U/euf/m/n --> U/euf/b/n on input line 106.
))
(/usr/local/texlive/2023/texmf-dist/tex/latex/sansmathaccent/sansmathaccent.sty
Package: sansmathaccent 2020/01/31
(/usr/local/texlive/2023/texmf-dist/tex/latex/koma-script/scrlfile.sty
Package: scrlfile 2022/10/12 v3.38 KOMA-Script package (file load hooks)

(/usr/local/texlive/2023/texmf-dist/tex/latex/koma-script/scrlfile-hook.sty
Package: scrlfile-hook 2022/10/12 v3.38 KOMA-Script package (using LaTeX hooks)


(/usr/local/texlive/2023/texmf-dist/tex/latex/koma-script/scrlogo.sty
Package: scrlogo 2022/10/12 v3.38 KOMA-Script package (logo)
)))))
(/usr/local/texlive/2023/texmf-dist/tex/latex/beamer/beamerbasetranslator.sty
(/usr/local/texlive/2023/texmf-dist/tex/latex/translator/translator.sty
Package: translator 2021-05-31 v1.12d Easy translation of strings in LaTeX
))
(/usr/local/texlive/2023/texmf-dist/tex/latex/beamer/beamerbasemisc.sty)
(/usr/local/texlive/2023/texmf-dist/tex/latex/beamer/beamerbasetwoscreens.sty)
(/usr/local/texlive/2023/texmf-dist/tex/latex/beamer/beamerbaseoverlay.sty
\beamer@argscount=\count307
\beamer@lastskipcover=\skip51
\beamer@trivlistdepth=\count308
)
(/usr/local/texlive/2023/texmf-dist/tex/latex/beamer/beamerbasetitle.sty)
(/usr/local/texlive/2023/texmf-dist/tex/latex/beamer/beamerbasesection.sty
\c@lecture=\count309
\c@part=\count310
\c@section=\count311
\c@subsection=\count312
\c@subsubsection=\count313
)
(/usr/local/texlive/2023/texmf-dist/tex/latex/beamer/beamerbaseframe.sty
\beamer@framebox=\box66
\beamer@frametitlebox=\box67
\beamer@zoombox=\box68
\beamer@zoomcount=\count314
\beamer@zoomframecount=\count315
\beamer@frametextheight=\dimen271
\c@subsectionslide=\count316
\beamer@frametopskip=\skip52
\beamer@framebottomskip=\skip53
\beamer@frametopskipautobreak=\skip54
\beamer@framebottomskipautobreak=\skip55
\beamer@envbody=\toks29
\framewidth=\dimen272
\c@framenumber=\count317
)
(/usr/local/texlive/2023/texmf-dist/tex/latex/beamer/beamerbaseverbatim.sty
\beamer@verbatimfileout=\write4
)
(/usr/local/texlive/2023/texmf-dist/tex/latex/beamer/beamerbaseframesize.sty
\beamer@splitbox=\box69
\beamer@autobreakcount=\count318
\beamer@autobreaklastheight=\dimen273
\beamer@frametitletoks=\toks30
\beamer@framesubtitletoks=\toks31
)
(/usr/local/texlive/2023/texmf-dist/tex/latex/beamer/beamerbaseframecomponents.
sty
\beamer@footins=\box70
) (/usr/local/texlive/2023/texmf-dist/tex/latex/beamer/beamerbasecolor.sty)
(/usr/local/texlive/2023/texmf-dist/tex/latex/beamer/beamerbasenotes.sty
\beamer@frameboxcopy=\box71
)
(/usr/local/texlive/2023/texmf-dist/tex/latex/beamer/beamerbasetoc.sty)
(/usr/local/texlive/2023/texmf-dist/tex/latex/beamer/beamerbasetemplates.sty
\beamer@sbttoks=\toks32

(/usr/local/texlive/2023/texmf-dist/tex/latex/beamer/beamerbaseauxtemplates.sty
(/usr/local/texlive/2023/texmf-dist/tex/latex/beamer/beamerbaseboxes.sty
\bmb@box=\box72
\bmb@colorbox=\box73
\bmb@boxwidth=\dimen274
\bmb@boxheight=\dimen275
\bmb@prevheight=\dimen276
\bmb@temp=\dimen277
\bmb@dima=\dimen278
\bmb@dimb=\dimen279
\bmb@prevheight=\dimen280
)
\beamer@blockheadheight=\dimen281
))
(/usr/local/texlive/2023/texmf-dist/tex/latex/beamer/beamerbaselocalstructure.s
ty (/usr/local/texlive/2023/texmf-dist/tex/latex/tools/enumerate.sty
Package: enumerate 2015/07/23 v3.00 enumerate extensions (DPC)
\@enLab=\toks33
)
\beamer@bibiconwidth=\skip56
\c@figure=\count319
\c@table=\count320
\abovecaptionskip=\skip57
\belowcaptionskip=\skip58
)
(/usr/local/texlive/2023/texmf-dist/tex/latex/beamer/beamerbasenavigation.sty
(/usr/local/texlive/2023/texmf-dist/tex/latex/beamer/beamerbasenavigationsymbol
s.tex)
\beamer@section@min@dim=\dimen282
)
(/usr/local/texlive/2023/texmf-dist/tex/latex/beamer/beamerbasetheorems.sty
(/usr/local/texlive/2023/texmf-dist/tex/latex/amsmath/amsmath.sty
Package: amsmath 2022/04/08 v2.17n AMS math features
\@mathmargin=\skip59

For additional information on amsmath, use the `?' option.
(/usr/local/texlive/2023/texmf-dist/tex/latex/amsmath/amstext.sty
Package: amstext 2021/08/26 v2.01 AMS text

(/usr/local/texlive/2023/texmf-dist/tex/latex/amsmath/amsgen.sty
File: amsgen.sty 1999/11/30 v2.0 generic functions
\@emptytoks=\toks34
\ex@=\dimen283
))
(/usr/local/texlive/2023/texmf-dist/tex/latex/amsmath/amsbsy.sty
Package: amsbsy 1999/11/29 v1.2d Bold Symbols
\pmbraise@=\dimen284
)
(/usr/local/texlive/2023/texmf-dist/tex/latex/amsmath/amsopn.sty
Package: amsopn 2022/04/08 v2.04 operator names
)
\inf@bad=\count321
LaTeX Info: Redefining \frac on input line 234.
\uproot@=\count322
\leftroot@=\count323
LaTeX Info: Redefining \overline on input line 399.
LaTeX Info: Redefining \colon on input line 410.
\classnum@=\count324
\DOTSCASE@=\count325
LaTeX Info: Redefining \ldots on input line 496.
LaTeX Info: Redefining \dots on input line 499.
LaTeX Info: Redefining \cdots on input line 620.
\Mathstrutbox@=\box74
\strutbox@=\box75
LaTeX Info: Redefining \big on input line 722.
LaTeX Info: Redefining \Big on input line 723.
LaTeX Info: Redefining \bigg on input line 724.
LaTeX Info: Redefining \Bigg on input line 725.
\big@size=\dimen285
LaTeX Font Info:    Redeclaring font encoding OML on input line 743.
LaTeX Font Info:    Redeclaring font encoding OMS on input line 744.
\macc@depth=\count326
LaTeX Info: Redefining \bmod on input line 905.
LaTeX Info: Redefining \pmod on input line 910.
LaTeX Info: Redefining \smash on input line 940.
LaTeX Info: Redefining \relbar on input line 970.
LaTeX Info: Redefining \Relbar on input line 971.
\c@MaxMatrixCols=\count327
\dotsspace@=\muskip17
\c@parentequation=\count328
\dspbrk@lvl=\count329
\tag@help=\toks35
\row@=\count330
\column@=\count331
\maxfields@=\count332
\andhelp@=\toks36
\eqnshift@=\dimen286
\alignsep@=\dimen287
\tagshift@=\dimen288
\tagwidth@=\dimen289
\totwidth@=\dimen290
\lineht@=\dimen291
\@envbody=\toks37
\multlinegap=\skip60
\multlinetaggap=\skip61
\mathdisplay@stack=\toks38
LaTeX Info: Redefining \[ on input line 2953.
LaTeX Info: Redefining \] on input line 2954.
)
(/usr/local/texlive/2023/texmf-dist/tex/latex/amscls/amsthm.sty
Package: amsthm 2020/05/29 v2.20.6
\thm@style=\toks39
\thm@bodyfont=\toks40
\thm@headfont=\toks41
\thm@notefont=\toks42
\thm@headpunct=\toks43
\thm@preskip=\skip62
\thm@postskip=\skip63
\thm@headsep=\skip64
\dth@everypar=\toks44
)
\c@theorem=\count333
)
(/usr/local/texlive/2023/texmf-dist/tex/latex/beamer/beamerbasethemes.sty))
(/usr/local/texlive/2023/texmf-dist/tex/latex/beamer/beamerthemedefault.sty
(/usr/local/texlive/2023/texmf-dist/tex/latex/beamer/beamerfontthemedefault.sty
)
(/usr/local/texlive/2023/texmf-dist/tex/latex/beamer/beamercolorthemedefault.st
y)
(/usr/local/texlive/2023/texmf-dist/tex/latex/beamer/beamerinnerthemedefault.st
y
\beamer@dima=\dimen292
\beamer@dimb=\dimen293
)
(/usr/local/texlive/2023/texmf-dist/tex/latex/beamer/beamerouterthemedefault.st
y))) (/usr/local/texlive/2023/texmf-dist/tex/latex/base/inputenc.sty
Package: inputenc 2021/02/14 v1.3d Input encoding file
\inpenc@prehook=\toks45
\inpenc@posthook=\toks46

(/usr/local/texlive/2023/texmf-dist/tex/latex/base/latin1.def
File: latin1.def 2021/02/14 v1.3d Input encoding file
))
(/usr/local/texlive/2023/texmf-dist/tex/latex/base/fontenc.sty
Package: fontenc 2021/04/29 v2.0v Standard LaTeX package
)
\sympureletters=\mathgroup6
LaTeX Font Info:    Overwriting symbol font `pureletters' in version `bold'
(Font)                  OT1/mathkerncmss/m/sl --> OT1/mathkerncmss/bx/sl on inp
ut line 11.

(/usr/local/texlive/2023/texmf-dist/tex/latex/tools/bm.sty
Package: bm 2022/01/05 v1.2f Bold Symbol Support (DPC/FMi)
\symboldoperators=\mathgroup7
\symboldletters=\mathgroup8
\symboldsymbols=\mathgroup9
Package bm Info: No bold for \OMX/cmex/m/n, using \pmb.
Package bm Info: No bold for \U/msa/m/n, using \pmb.
Package bm Info: No bold for \U/msb/m/n, using \pmb.
\symboldpureletters=\mathgroup10
LaTeX Font Info:    Redeclaring math alphabet \mathbf on input line 149.
)
(/usr/local/texlive/2023/texmf-dist/tex/latex/beamer/multimedia.sty
Package: multimedia 2012/05/02 ver 0.02

(/usr/local/texlive/2023/texmf-dist/tex/generic/iftex/ifpdf.sty
Package: ifpdf 2019/10/25 v3.4 ifpdf legacy package. Use iftex instead.
)
\mm@movie=\count334
)
(/usr/local/texlive/2023/texmf-dist/tex/latex/cancel/cancel.sty
Package: cancel 2013/04/12 v2.2 Cancel math terms
)
(/usr/local/texlive/2023/texmf-dist/tex/latex/beamer/beamerthemeFrankfurt.sty
(/usr/local/texlive/2023/texmf-dist/tex/latex/beamer/beamerouterthemesmoothbars
.sty)
(/usr/local/texlive/2023/texmf-dist/tex/latex/beamer/beamerinnerthemerounded.st
y)
(/usr/local/texlive/2023/texmf-dist/tex/latex/beamer/beamercolorthemeorchid.sty
)
(/usr/local/texlive/2023/texmf-dist/tex/latex/beamer/beamercolorthemewhale.sty)
)
(/usr/local/texlive/2023/texmf-dist/tex/latex/beamer/beamercolorthemeseahorse.s
ty)
(/usr/local/texlive/2023/texmf-dist/tex/latex/beamer/beamercolorthemerose.sty)
(/usr/local/texlive/2023/texmf-dist/tex/latex/beamer/beamerinnerthemecircles.st
y)
(/usr/local/texlive/2023/texmf-dist/tex/latex/beamer/beamerouterthemeinfolines.
sty)
(/usr/local/texlive/2023/texmf-dist/tex/latex/beamer/beamerfontthemestructurebo
ld.sty)
(/usr/local/texlive/2023/texmf-dist/tex/latex/beamer/beamerfontthemeserif.sty)
(/usr/local/texlive/2023/texmf-dist/tex/latex/l3backend/l3backend-pdftex.def
File: l3backend-pdftex.def 2023-01-16 L3 backend support: PDF output (pdfTeX)
\l__color_backend_stack_int=\count335
\l__pdf_internal_box=\box76
)
No file 1065vigas.aux.
\openout1 = `1065vigas.aux'.

LaTeX Font Info:    Checking defaults for OML/cmm/m/it on input line 114.
LaTeX Font Info:    ... okay on input line 114.
LaTeX Font Info:    Checking defaults for OMS/cmsy/m/n on input line 114.
LaTeX Font Info:    ... okay on input line 114.
LaTeX Font Info:    Checking defaults for OT1/cmr/m/n on input line 114.
LaTeX Font Info:    ... okay on input line 114.
LaTeX Font Info:    Checking defaults for T1/cmr/m/n on input line 114.
LaTeX Font Info:    ... okay on input line 114.
LaTeX Font Info:    Checking defaults for TS1/cmr/m/n on input line 114.
LaTeX Font Info:    ... okay on input line 114.
LaTeX Font Info:    Checking defaults for OMX/cmex/m/n on input line 114.
LaTeX Font Info:    ... okay on input line 114.
LaTeX Font Info:    Checking defaults for U/cmr/m/n on input line 114.
LaTeX Font Info:    ... okay on input line 114.
LaTeX Font Info:    Checking defaults for PD1/pdf/m/n on input line 114.
LaTeX Font Info:    ... okay on input line 114.
LaTeX Font Info:    Checking defaults for PU/pdf/m/n on input line 114.
LaTeX Font Info:    ... okay on input line 114.
*geometry* driver: auto-detecting
*geometry* detected driver: pdftex
*geometry* verbose mode - [ preamble ] result:
* driver: pdftex
* paper: custom
* layout: <same size as paper>
* layoutoffset:(h,v)=(0.0pt,0.0pt)
* modes: includehead includefoot 
* h-part:(L,W,R)=(10.88002pt, 342.43532pt, 10.88002pt)
* v-part:(T,H,B)=(0.0pt, 273.14662pt, 0.0pt)
* \paperwidth=364.19536pt
* \paperheight=273.14662pt
* \textwidth=342.43532pt
* \textheight=244.6939pt
* \oddsidemargin=-61.38997pt
* \evensidemargin=-61.38997pt
* \topmargin=-72.26999pt
* \headheight=14.22636pt
* \headsep=0.0pt
* \topskip=11.0pt
* \footskip=14.22636pt
* \marginparwidth=4.0pt
* \marginparsep=10.0pt
* \columnsep=10.0pt
* \skip\footins=10.0pt plus 4.0pt minus 2.0pt
* \hoffset=0.0pt
* \voffset=0.0pt
* \mag=1000
* \@twocolumnfalse
* \@twosidefalse
* \@mparswitchfalse
* \@reversemarginfalse
* (1in=72.27pt=25.4mm, 1cm=28.453pt)

(/usr/local/texlive/2023/texmf-dist/tex/context/base/mkii/supp-pdf.mkii
[Loading MPS to PDF converter (version 2006.09.02).]
\scratchcounter=\count336
\scratchdimen=\dimen294
\scratchbox=\box77
\nofMPsegments=\count337
\nofMParguments=\count338
\everyMPshowfont=\toks47
\MPscratchCnt=\count339
\MPscratchDim=\dimen295
\MPnumerator=\count340
\makeMPintoPDFobject=\count341
\everyMPtoPDFconversion=\toks48
) (/usr/local/texlive/2023/texmf-dist/tex/latex/epstopdf-pkg/epstopdf-base.sty
Package: epstopdf-base 2020-01-24 v2.11 Base part for package epstopdf
Package epstopdf-base Info: Redefining graphics rule for `.eps' on input line 4
85.

(/usr/local/texlive/2023/texmf-dist/tex/latex/latexconfig/epstopdf-sys.cfg
File: epstopdf-sys.cfg 2010/07/13 v1.3 Configuration of (r)epstopdf for TeX Liv
e
))
Package hyperref Info: Link coloring OFF on input line 114.
\@outlinefile=\write5
\openout5 = `1065vigas.out'.


(/usr/local/texlive/2023/texmf-dist/tex/latex/translator/translator-basic-dicti
onary-English.dict
Dictionary: translator-basic-dictionary, Language: English 
)
(/usr/local/texlive/2023/texmf-dist/tex/latex/translator/translator-bibliograph
y-dictionary-English.dict
Dictionary: translator-bibliography-dictionary, Language: English 
)
(/usr/local/texlive/2023/texmf-dist/tex/latex/translator/translator-environment
-dictionary-English.dict
Dictionary: translator-environment-dictionary, Language: English 
)
(/usr/local/texlive/2023/texmf-dist/tex/latex/translator/translator-months-dict
ionary-English.dict
Dictionary: translator-months-dictionary, Language: English 
)
(/usr/local/texlive/2023/texmf-dist/tex/latex/translator/translator-numbers-dic
tionary-English.dict
Dictionary: translator-numbers-dictionary, Language: English 
)
(/usr/local/texlive/2023/texmf-dist/tex/latex/translator/translator-theorem-dic
tionary-English.dict
Dictionary: translator-theorem-dictionary, Language: English 
)
No file 1065vigas.nav.
<000logos/upm.png, id=34, 277.035pt x 307.1475pt>
File: 000logos/upm.png Graphic file (type png)
<use 000logos/upm.png>
Package pdftex.def Info: 000logos/upm.png  used on input line 119.
(pdftex.def)             Requested size: 38.49295pt x 42.67912pt.
<000logos/logo14c.png, id=35, 1140.26pt x 536.0025pt>
File: 000logos/logo14c.png Graphic file (type png)
<use 000logos/logo14c.png>
Package pdftex.def Info: 000logos/logo14c.png  used on input line 119.
(pdftex.def)             Requested size: 90.78769pt x 42.67912pt.
<000logos/caminos.jpg, id=37, 150.5625pt x 144.54pt>
File: 000logos/caminos.jpg Graphic file (type jpg)
<use 000logos/caminos.jpg>
Package pdftex.def Info: 000logos/caminos.jpg  used on input line 119.
(pdftex.def)             Requested size: 44.4569pt x 42.67912pt.
[1

{/usr/local/texlive/2023/texmf-var/fonts/map/pdftex/updmap/pdftex.map}{/usr/loc
al/texlive/2023/texmf-dist/fonts/enc/dvips/cm-super/cm-super-t1.enc} <./000logo
s/upm.png> <./000logos/logo14c.png> <./000logos/caminos.jpg>]
No file 1065vigas.toc.
[2

]
No file 1065vigas.toc.
[3

]
<puentes_fotos_piedras/img_0557rr.jpg, id=86, 1300.86pt x 867.24pt>
File: puentes_fotos_piedras/img_0557rr.jpg Graphic file (type jpg)
<use puentes_fotos_piedras/img_0557rr.jpg>
Package pdftex.def Info: puentes_fotos_piedras/img_0557rr.jpg  used on input li
ne 160.
(pdftex.def)             Requested size: 325.3125pt x 216.87563pt.
LaTeX Font Info:    Trying to load font information for U+msa on input line 160
.
 (/usr/local/texlive/2023/texmf-dist/tex/latex/amsfonts/umsa.fd
File: umsa.fd 2013/01/14 v3.01 AMS symbols A
)
LaTeX Font Info:    Trying to load font information for U+msb on input line 160
.

(/usr/local/texlive/2023/texmf-dist/tex/latex/amsfonts/umsb.fd
File: umsb.fd 2013/01/14 v3.01 AMS symbols B
)
LaTeX Font Info:    Trying to load font information for OT1+mathkerncmss on inp
ut line 160.

(/usr/local/texlive/2023/texmf-dist/tex/latex/sansmathaccent/ot1mathkerncmss.fd
File: ot1mathkerncmss.fd 2020/01/31 Fontinst v1.933 font definitions for OT1/ma
thkerncmss.
)
File: 000logos/upm.png Graphic file (type png)
<use 000logos/upm.png>
Package pdftex.def Info: 000logos/upm.png  used on input line 160.
(pdftex.def)             Requested size: 17.07164pt x 18.92484pt.
 [4

 <./puentes_fotos_piedras/img_0557rr.jpg>]
<madrid2011-torroja_pres_nhsrb/contreras-2.jpg, id=105, 639.8304pt x 478.9092pt
>
File: madrid2011-torroja_pres_nhsrb/contreras-2.jpg Graphic file (type jpg)
<use madrid2011-torroja_pres_nhsrb/contreras-2.jpg>
Package pdftex.def Info: madrid2011-torroja_pres_nhsrb/contreras-2.jpg  used on
 input line 176.
(pdftex.def)             Requested size: 308.18968pt x 230.67763pt.

Overfull \vbox (9.90204pt too high) detected at line 176
 []

File: 000logos/upm.png Graphic file (type png)
<use 000logos/upm.png>
Package pdftex.def Info: 000logos/upm.png  used on input line 176.
(pdftex.def)             Requested size: 17.07164pt x 18.92484pt.
[5

 <./madrid2011-torroja_pres_nhsrb/contreras-2.jpg>]
<puentes_Ulla/Ulla-GilPan-cut.jpg, id=121, 2514.39375pt x 1783.66376pt>
File: puentes_Ulla/Ulla-GilPan-cut.jpg Graphic file (type jpg)
<use puentes_Ulla/Ulla-GilPan-cut.jpg>
Package pdftex.def Info: puentes_Ulla/Ulla-GilPan-cut.jpg  used on input line 1
86.
(pdftex.def)             Requested size: 325.3125pt x 230.76855pt.
<LaMarota/20211021_121843-clip.jpg, id=122, 3099.58pt x 3024.29875pt>
File: LaMarota/20211021_121843-clip.jpg Graphic file (type jpg)
<use LaMarota/20211021_121843-clip.jpg>
Package pdftex.def Info: LaMarota/20211021_121843-clip.jpg  used on input line 
193.
(pdftex.def)             Requested size: 171.21765pt x 167.05222pt.
<LaMarota/Alzado.pdf, id=123, 963.6pt x 210.7875pt>
File: LaMarota/Alzado.pdf Graphic file (type pdf)
<use LaMarota/Alzado.pdf>
Package pdftex.def Info: LaMarota/Alzado.pdf  used on input line 193.
(pdftex.def)             Requested size: 342.43532pt x 74.90567pt.

Overfull \vbox (10.1823pt too high) detected at line 193
 []

File: 000logos/upm.png Graphic file (type png)
<use 000logos/upm.png>
Package pdftex.def Info: 000logos/upm.png  used on input line 193.
(pdftex.def)             Requested size: 17.07164pt x 18.92484pt.
[6

 <./LaMarota/20211021_121843-clip.jpg> <./LaMarota/Alzado.pdf>]
<jalon-presentacion/figs/jalon.jpg, id=143, 702.625pt x 464.73625pt>
File: jalon-presentacion/figs/jalon.jpg Graphic file (type jpg)
<use jalon-presentacion/figs/jalon.jpg>
Package pdftex.def Info: jalon-presentacion/figs/jalon.jpg  used on input line 
216.
(pdftex.def)             Requested size: 116.14253pt x 76.82234pt.
<joliva1/figuras/alzado_planta_jalon.png, id=144, 1426.32875pt x 549.05125pt>
File: joliva1/figuras/alzado_planta_jalon.png Graphic file (type png)
<use joliva1/figuras/alzado_planta_jalon.png>
Package pdftex.def Info: joliva1/figuras/alzado_planta_jalon.png  used on input
 line 216.
(pdftex.def)             Requested size: 199.55408pt x 76.82234pt.
<jalon-presentacion/figs/secc_jalon.pdf, id=147, 592.87231pt x 332.88966pt>
File: jalon-presentacion/figs/secc_jalon.pdf Graphic file (type pdf)
<use jalon-presentacion/figs/secc_jalon.pdf>
Package pdftex.def Info: jalon-presentacion/figs/secc_jalon.pdf  used on input 
line 216.
(pdftex.def)             Requested size: 136.97203pt x 76.90842pt.
File: 000logos/upm.png Graphic file (type png)
<use 000logos/upm.png>
Package pdftex.def Info: 000logos/upm.png  used on input line 216.
(pdftex.def)             Requested size: 17.07164pt x 18.92484pt.
 [7

 <./jalon-presentacion/figs/jalon.jpg> <./joliva1/figuras/alzado_planta_jalon.p
ng> <./jalon-presentacion/figs/secc_jalon.pdf>]
<jalon-modelos/jalon-solido-g.png, id=167, 997.7275pt x 596.2275pt>
File: jalon-modelos/jalon-solido-g.png Graphic file (type png)
<use jalon-modelos/jalon-solido-g.png>
Package pdftex.def Info: jalon-modelos/jalon-solido-g.png  used on input line 2
36.
(pdftex.def)             Requested size: 171.21765pt x 102.31259pt.
<jalon-modelos/jalon-lamina-g.png, id=168, 993.7125pt x 647.41875pt>
File: jalon-modelos/jalon-lamina-g.png Graphic file (type png)
<use jalon-modelos/jalon-lamina-g.png>
Package pdftex.def Info: jalon-modelos/jalon-lamina-g.png  used on input line 2
36.
(pdftex.def)             Requested size: 171.21765pt x 111.55142pt.
<jalon-modelos/jalon-vigas-render.pdf, id=169, 770.88pt x 463.33101pt>
File: jalon-modelos/jalon-vigas-render.pdf Graphic file (type pdf)
<use jalon-modelos/jalon-vigas-render.pdf>
Package pdftex.def Info: jalon-modelos/jalon-vigas-render.pdf  used on input li
ne 236.
(pdftex.def)             Requested size: 171.21765pt x 102.90877pt.
<jalon-modelos/jalon-vigas.pdf, id=170, 401.22829pt x 244.29358pt>
File: jalon-modelos/jalon-vigas.pdf Graphic file (type pdf)
<use jalon-modelos/jalon-vigas.pdf>
Package pdftex.def Info: jalon-modelos/jalon-vigas.pdf  used on input line 236.

(pdftex.def)             Requested size: 171.21765pt x 104.2502pt.

Overfull \vbox (4.67972pt too high) detected at line 236
 []

File: 000logos/upm.png Graphic file (type png)
<use 000logos/upm.png>
Package pdftex.def Info: 000logos/upm.png  used on input line 236.
(pdftex.def)             Requested size: 17.07164pt x 18.92484pt.
[8

 <./jalon-modelos/jalon-solido-g.png> <./jalon-modelos/jalon-lamina-g.png> <./j
alon-modelos/jalon-vigas-render.pdf> <./jalon-modelos/jalon-vigas.pdf>]
<joliva1/figuras/beams.png, id=217, 1460.45625pt x 765.86125pt>
File: joliva1/figuras/beams.png Graphic file (type png)
<use joliva1/figuras/beams.png>
Package pdftex.def Info: joliva1/figuras/beams.png  used on input line 265.
(pdftex.def)             Requested size: 171.21765pt x 89.7842pt.
<joliva1/figuras/shells.png, id=218, 1460.45625pt x 765.86125pt>
File: joliva1/figuras/shells.png Graphic file (type png)
<use joliva1/figuras/shells.png>
Package pdftex.def Info: joliva1/figuras/shells.png  used on input line 265.
(pdftex.def)             Requested size: 171.21765pt x 89.7842pt.
File: 000logos/upm.png Graphic file (type png)
<use 000logos/upm.png>
Package pdftex.def Info: 000logos/upm.png  used on input line 265.
(pdftex.def)             Requested size: 17.07164pt x 18.92484pt.

[9

 <./joliva1/figuras/beams.png> <./joliva1/figuras/shells.png>]
No file 1065vigas.toc.
[10

]
<figs/118curso05a.pdf, id=269, 358.33875pt x 96.36pt>
File: figs/118curso05a.pdf Graphic file (type pdf)
<use figs/118curso05a.pdf>
Package pdftex.def Info: figs/118curso05a.pdf  used on input line 295.
(pdftex.def)             Requested size: 197.08691pt x 52.99814pt.
<madrid2011-torroja_pres_figures-pablo/modelos/puente3D.pdf, id=270, 736.35098p
t x 537.20702pt>
File: madrid2011-torroja_pres_figures-pablo/modelos/puente3D.pdf Graphic file (
type pdf)
<use madrid2011-torroja_pres_figures-pablo/modelos/puente3D.pdf>
Package pdftex.def Info: madrid2011-torroja_pres_figures-pablo/modelos/puente3D
.pdf  used on input line 295.
(pdftex.def)             Requested size: 136.97203pt x 99.92274pt.

Overfull \vbox (3.63792pt too high) detected at line 295
 []

File: 000logos/upm.png Graphic file (type png)
<use 000logos/upm.png>
Package pdftex.def Info: 000logos/upm.png  used on input line 295.
(pdftex.def)             Requested size: 17.07164pt x 18.92484pt.
[11

 <./figs/118curso05a.pdf> <./madrid2011-torroja_pres_figures-pablo/modelos/puen
te3D.pdf>]
File: figs/118curso05a.pdf Graphic file (type pdf)
<use figs/118curso05a.pdf>
Package pdftex.def Info: figs/118curso05a.pdf  used on input line 295.
(pdftex.def)             Requested size: 197.08691pt x 52.99814pt.
File: madrid2011-torroja_pres_figures-pablo/modelos/puente3D.pdf Graphic file (
type pdf)
<use madrid2011-torroja_pres_figures-pablo/modelos/puente3D.pdf>
Package pdftex.def Info: madrid2011-torroja_pres_figures-pablo/modelos/puente3D
.pdf  used on input line 295.
(pdftex.def)             Requested size: 136.97203pt x 99.92274pt.

Overfull \vbox (3.63792pt too high) detected at line 295
 []

File: 000logos/upm.png Graphic file (type png)
<use 000logos/upm.png>
Package pdftex.def Info: 000logos/upm.png  used on input line 295.
(pdftex.def)             Requested size: 17.07164pt x 18.92484pt.
[12

]
File: figs/118curso05a.pdf Graphic file (type pdf)
<use figs/118curso05a.pdf>
Package pdftex.def Info: figs/118curso05a.pdf  used on input line 295.
(pdftex.def)             Requested size: 197.08691pt x 52.99814pt.
File: madrid2011-torroja_pres_figures-pablo/modelos/puente3D.pdf Graphic file (
type pdf)
<use madrid2011-torroja_pres_figures-pablo/modelos/puente3D.pdf>
Package pdftex.def Info: madrid2011-torroja_pres_figures-pablo/modelos/puente3D
.pdf  used on input line 295.
(pdftex.def)             Requested size: 136.97203pt x 99.92274pt.

Overfull \vbox (3.63792pt too high) detected at line 295
 []

File: 000logos/upm.png Graphic file (type png)
<use 000logos/upm.png>
Package pdftex.def Info: 000logos/upm.png  used on input line 295.
(pdftex.def)             Requested size: 17.07164pt x 18.92484pt.
[13

]
File: figs/118curso05a.pdf Graphic file (type pdf)
<use figs/118curso05a.pdf>
Package pdftex.def Info: figs/118curso05a.pdf  used on input line 295.
(pdftex.def)             Requested size: 197.08691pt x 52.99814pt.
File: madrid2011-torroja_pres_figures-pablo/modelos/puente3D.pdf Graphic file (
type pdf)
<use madrid2011-torroja_pres_figures-pablo/modelos/puente3D.pdf>
Package pdftex.def Info: madrid2011-torroja_pres_figures-pablo/modelos/puente3D
.pdf  used on input line 295.
(pdftex.def)             Requested size: 136.97203pt x 99.92274pt.

Overfull \vbox (3.63792pt too high) detected at line 295
 []

File: 000logos/upm.png Graphic file (type png)
<use 000logos/upm.png>
Package pdftex.def Info: 000logos/upm.png  used on input line 295.
(pdftex.def)             Requested size: 17.07164pt x 18.92484pt.
[14

]
File: figs/118curso05a.pdf Graphic file (type pdf)
<use figs/118curso05a.pdf>
Package pdftex.def Info: figs/118curso05a.pdf  used on input line 295.
(pdftex.def)             Requested size: 197.08691pt x 52.99814pt.
File: madrid2011-torroja_pres_figures-pablo/modelos/puente3D.pdf Graphic file (
type pdf)
<use madrid2011-torroja_pres_figures-pablo/modelos/puente3D.pdf>
Package pdftex.def Info: madrid2011-torroja_pres_figures-pablo/modelos/puente3D
.pdf  used on input line 295.
(pdftex.def)             Requested size: 136.97203pt x 99.92274pt.

Overfull \vbox (3.63792pt too high) detected at line 295
 []

File: 000logos/upm.png Graphic file (type png)
<use 000logos/upm.png>
Package pdftex.def Info: 000logos/upm.png  used on input line 295.
(pdftex.def)             Requested size: 17.07164pt x 18.92484pt.
[15

]
<figs/x-section.pdf, id=587, 280.04625pt x 309.155pt>
File: figs/x-section.pdf Graphic file (type pdf)
<use figs/x-section.pdf>
Package pdftex.def Info: figs/x-section.pdf  used on input line 322.
(pdftex.def)             Requested size: 171.21765pt x 189.02298pt.
File: 000logos/upm.png Graphic file (type png)
<use 000logos/upm.png>
Package pdftex.def Info: 000logos/upm.png  used on input line 322.
(pdftex.def)             Requested size: 17.07164pt x 18.92484pt.
 [16

 <./figs/x-section.pdf>]
File: figs/x-section.pdf Graphic file (type pdf)
<use figs/x-section.pdf>
Package pdftex.def Info: figs/x-section.pdf  used on input line 322.
(pdftex.def)             Requested size: 171.21765pt x 189.02298pt.
File: 000logos/upm.png Graphic file (type png)
<use 000logos/upm.png>
Package pdftex.def Info: 000logos/upm.png  used on input line 322.
(pdftex.def)             Requested size: 17.07164pt x 18.92484pt.
 [17

]
File: figs/x-section.pdf Graphic file (type pdf)
<use figs/x-section.pdf>
Package pdftex.def Info: figs/x-section.pdf  used on input line 322.
(pdftex.def)             Requested size: 171.21765pt x 189.02298pt.
File: 000logos/upm.png Graphic file (type png)
<use 000logos/upm.png>
Package pdftex.def Info: 000logos/upm.png  used on input line 322.
(pdftex.def)             Requested size: 17.07164pt x 18.92484pt.
 [18

]
<figs/118curso00c.pdf, id=648, 363.3575pt x 377.41pt>
File: figs/118curso00c.pdf Graphic file (type pdf)
<use figs/118curso00c.pdf>
Package pdftex.def Info: figs/118curso00c.pdf  used on input line 357.
(pdftex.def)             Requested size: 181.6783pt x 188.70453pt.
File: 000logos/upm.png Graphic file (type png)
<use 000logos/upm.png>
Package pdftex.def Info: 000logos/upm.png  used on input line 357.
(pdftex.def)             Requested size: 17.07164pt x 18.92484pt.
 [19

 <./figs/118curso00c.pdf>]
File: figs/118curso00c.pdf Graphic file (type pdf)
<use figs/118curso00c.pdf>
Package pdftex.def Info: figs/118curso00c.pdf  used on input line 357.
(pdftex.def)             Requested size: 181.6783pt x 188.70453pt.
File: 000logos/upm.png Graphic file (type png)
<use 000logos/upm.png>
Package pdftex.def Info: 000logos/upm.png  used on input line 357.
(pdftex.def)             Requested size: 17.07164pt x 18.92484pt.

[20

]
File: figs/118curso00c.pdf Graphic file (type pdf)
<use figs/118curso00c.pdf>
Package pdftex.def Info: figs/118curso00c.pdf  used on input line 357.
(pdftex.def)             Requested size: 181.6783pt x 188.70453pt.
File: 000logos/upm.png Graphic file (type png)
<use 000logos/upm.png>
Package pdftex.def Info: 000logos/upm.png  used on input line 357.
(pdftex.def)             Requested size: 17.07164pt x 18.92484pt.
 [21

]
No file 1065vigas.toc.
[22

]
\c@enumi_saved=\count342
File: figs/118curso05a.pdf Graphic file (type pdf)
<use figs/118curso05a.pdf>
Package pdftex.def Info: figs/118curso05a.pdf  used on input line 407.
(pdftex.def)             Requested size: 179.16893pt x 48.17987pt.
File: 000logos/upm.png Graphic file (type png)
<use 000logos/upm.png>
Package pdftex.def Info: 000logos/upm.png  used on input line 407.
(pdftex.def)             Requested size: 17.07164pt x 18.92484pt.
 [23

]
<figs/118curso06a.pdf, id=735, 245.91875pt x 281.05pt>
File: figs/118curso06a.pdf Graphic file (type pdf)
<use figs/118curso06a.pdf>
Package pdftex.def Info: figs/118curso06a.pdf  used on input line 446.
(pdftex.def)             Requested size: 171.21765pt x 195.68297pt.
File: 000logos/upm.png Graphic file (type png)
<use 000logos/upm.png>
Package pdftex.def Info: 000logos/upm.png  used on input line 446.
(pdftex.def)             Requested size: 17.07164pt x 18.92484pt.
 [24

 <./figs/118curso06a.pdf>]

LaTeX Warning: Reference `eq:uxz' on page 25 undefined on input line 483.


LaTeX Warning: Reference `eq:uxz' on page 25 undefined on input line 483.


LaTeX Warning: Reference `eq:wx' on page 25 undefined on input line 483.


LaTeX Warning: Reference `eq:uxz' on page 25 undefined on input line 483.


LaTeX Warning: Reference `eq:uxz' on page 25 undefined on input line 483.


LaTeX Warning: Reference `eq:wx' on page 25 undefined on input line 483.

File: 000logos/upm.png Graphic file (type png)
<use 000logos/upm.png>
Package pdftex.def Info: 000logos/upm.png  used on input line 483.
(pdftex.def)             Requested size: 17.07164pt x 18.92484pt.
[25

]

LaTeX Warning: Reference `eq:uxz' on page 26 undefined on input line 483.


LaTeX Warning: Reference `eq:uxz' on page 26 undefined on input line 483.


LaTeX Warning: Reference `eq:wx' on page 26 undefined on input line 483.


LaTeX Warning: Reference `eq:uxz' on page 26 undefined on input line 483.


LaTeX Warning: Reference `eq:uxz' on page 26 undefined on input line 483.


LaTeX Warning: Reference `eq:wx' on page 26 undefined on input line 483.

File: 000logos/upm.png Graphic file (type png)
<use 000logos/upm.png>
Package pdftex.def Info: 000logos/upm.png  used on input line 483.
(pdftex.def)             Requested size: 17.07164pt x 18.92484pt.
[26

]

LaTeX Warning: Reference `eq:exx' on page 27 undefined on input line 535.

<figs/118curso07a.pdf, id=869, 170.6375pt x 160.6pt>
File: figs/118curso07a.pdf Graphic file (type pdf)
<use figs/118curso07a.pdf>
Package pdftex.def Info: figs/118curso07a.pdf  used on input line 535.
(pdftex.def)             Requested size: 107.86826pt x 101.52405pt.

LaTeX Warning: Reference `eq:sxx' on page 27 undefined on input line 535.


LaTeX Warning: Reference `eq:Mom0' on page 27 undefined on input line 535.


Overfull \vbox (5.68492pt too high) detected at line 535
 []

File: 000logos/upm.png Graphic file (type png)
<use 000logos/upm.png>
Package pdftex.def Info: 000logos/upm.png  used on input line 535.
(pdftex.def)             Requested size: 17.07164pt x 18.92484pt.
[27

 <./figs/118curso07a.pdf>]

LaTeX Warning: Reference `eq:exx' on page 28 undefined on input line 535.

File: figs/118curso07a.pdf Graphic file (type pdf)
<use figs/118curso07a.pdf>
Package pdftex.def Info: figs/118curso07a.pdf  used on input line 535.
(pdftex.def)             Requested size: 107.86826pt x 101.52405pt.

LaTeX Warning: Reference `eq:sxx' on page 28 undefined on input line 535.


LaTeX Warning: Reference `eq:Mom0' on page 28 undefined on input line 535.


Overfull \vbox (5.68492pt too high) detected at line 535
 []

File: 000logos/upm.png Graphic file (type png)
<use 000logos/upm.png>
Package pdftex.def Info: 000logos/upm.png  used on input line 535.
(pdftex.def)             Requested size: 17.07164pt x 18.92484pt.
[28

]

LaTeX Warning: Reference `eq:exx' on page 29 undefined on input line 535.

File: figs/118curso07a.pdf Graphic file (type pdf)
<use figs/118curso07a.pdf>
Package pdftex.def Info: figs/118curso07a.pdf  used on input line 535.
(pdftex.def)             Requested size: 107.86826pt x 101.52405pt.

LaTeX Warning: Reference `eq:sxx' on page 29 undefined on input line 535.


LaTeX Warning: Reference `eq:Mom0' on page 29 undefined on input line 535.


Overfull \vbox (5.68492pt too high) detected at line 535
 []

File: 000logos/upm.png Graphic file (type png)
<use 000logos/upm.png>
Package pdftex.def Info: 000logos/upm.png  used on input line 535.
(pdftex.def)             Requested size: 17.07164pt x 18.92484pt.
[29

]

LaTeX Warning: Reference `eq:exx' on page 30 undefined on input line 535.

File: figs/118curso07a.pdf Graphic file (type pdf)
<use figs/118curso07a.pdf>
Package pdftex.def Info: figs/118curso07a.pdf  used on input line 535.
(pdftex.def)             Requested size: 107.86826pt x 101.52405pt.

LaTeX Warning: Reference `eq:sxx' on page 30 undefined on input line 535.


LaTeX Warning: Reference `eq:Mom0' on page 30 undefined on input line 535.


Overfull \vbox (5.68492pt too high) detected at line 535
 []

File: 000logos/upm.png Graphic file (type png)
<use 000logos/upm.png>
Package pdftex.def Info: 000logos/upm.png  used on input line 535.
(pdftex.def)             Requested size: 17.07164pt x 18.92484pt.
[30

]

LaTeX Warning: Reference `eq:gxz' on page 31 undefined on input line 569.


LaTeX Warning: Reference `eq:MV' on page 31 undefined on input line 569.

File: 000logos/upm.png Graphic file (type png)
<use 000logos/upm.png>
Package pdftex.def Info: 000logos/upm.png  used on input line 569.
(pdftex.def)             Requested size: 17.07164pt x 18.92484pt.
[31

]

LaTeX Warning: Reference `eq:MV' on page 32 undefined on input line 603.


LaTeX Warning: Reference `eq:Vq' on page 32 undefined on input line 603.

File: 000logos/upm.png Graphic file (type png)
<use 000logos/upm.png>
Package pdftex.def Info: 000logos/upm.png  used on input line 603.
(pdftex.def)             Requested size: 17.07164pt x 18.92484pt.
[32

]

LaTeX Warning: Reference `eq:Nq' on page 33 undefined on input line 628.

File: 000logos/upm.png Graphic file (type png)
<use 000logos/upm.png>
Package pdftex.def Info: 000logos/upm.png  used on input line 628.
(pdftex.def)             Requested size: 17.07164pt x 18.92484pt.
[33

]
<figs/118curso05b.pdf, id=1003, 358.33875pt x 99.37125pt>
File: figs/118curso05b.pdf Graphic file (type pdf)
<use figs/118curso05b.pdf>
Package pdftex.def Info: figs/118curso05b.pdf  used on input line 666.
(pdftex.def)             Requested size: 171.21765pt x 47.48082pt.


LaTeX Warning: Reference `eq:FFb1' on page 34 undefined on input line 666.

File: 000logos/upm.png Graphic file (type png)
<use 000logos/upm.png>
Package pdftex.def Info: 000logos/upm.png  used on input line 666.
(pdftex.def)             Requested size: 17.07164pt x 18.92484pt.
[34

 <./figs/118curso05b.pdf>]
File: 000logos/upm.png Graphic file (type png)
<use 000logos/upm.png>
Package pdftex.def Info: 000logos/upm.png  used on input line 684.
(pdftex.def)             Requested size: 17.07164pt x 18.92484pt.
 [35

]
File: 000logos/upm.png Graphic file (type png)
<use 000logos/upm.png>
Package pdftex.def Info: 000logos/upm.png  used on input line 684.
(pdftex.def)             Requested size: 17.07164pt x 18.92484pt.
 [36

]
File: 000logos/upm.png Graphic file (type png)
<use 000logos/upm.png>
Package pdftex.def Info: 000logos/upm.png  used on input line 684.
(pdftex.def)             Requested size: 17.07164pt x 18.92484pt.
 [37

]
No file 1065vigas.toc.
[38

]
File: 000logos/upm.png Graphic file (type png)
<use 000logos/upm.png>
Package pdftex.def Info: 000logos/upm.png  used on input line 716.
(pdftex.def)             Requested size: 17.07164pt x 18.92484pt.
 [39

]
File: 000logos/upm.png Graphic file (type png)
<use 000logos/upm.png>
Package pdftex.def Info: 000logos/upm.png  used on input line 754.
(pdftex.def)             Requested size: 17.07164pt x 18.92484pt.
 [40

]
File: 000logos/upm.png Graphic file (type png)
<use 000logos/upm.png>
Package pdftex.def Info: 000logos/upm.png  used on input line 795.
(pdftex.def)             Requested size: 17.07164pt x 18.92484pt.
 [41

]
File: 000logos/upm.png Graphic file (type png)
<use 000logos/upm.png>
Package pdftex.def Info: 000logos/upm.png  used on input line 834.
(pdftex.def)             Requested size: 17.07164pt x 18.92484pt.
 [42

]
<figs/118curso01.pdf, id=1178, 94.3525pt x 47.17625pt>
File: figs/118curso01.pdf Graphic file (type pdf)
<use figs/118curso01.pdf>
Package pdftex.def Info: figs/118curso01.pdf  used on input line 858.
(pdftex.def)             Requested size: 116.42674pt x 58.21358pt.
<figs/118curso02.pdf, id=1179, 94.3525pt x 44.165pt>
File: figs/118curso02.pdf Graphic file (type pdf)
<use figs/118curso02.pdf>
Package pdftex.def Info: figs/118curso02.pdf  used on input line 858.
(pdftex.def)             Requested size: 116.42674pt x 54.4978pt.
<figs/118curso03.pdf, id=1180, 94.3525pt x 47.17625pt>
File: figs/118curso03.pdf Graphic file (type pdf)
<use figs/118curso03.pdf>
Package pdftex.def Info: figs/118curso03.pdf  used on input line 858.
(pdftex.def)             Requested size: 116.42674pt x 58.21358pt.
<figs/118curso04.pdf, id=1181, 94.3525pt x 44.165pt>
File: figs/118curso04.pdf Graphic file (type pdf)
<use figs/118curso04.pdf>
Package pdftex.def Info: figs/118curso04.pdf  used on input line 858.
(pdftex.def)             Requested size: 116.42674pt x 54.4978pt.
File: 000logos/upm.png Graphic file (type png)
<use 000logos/upm.png>
Package pdftex.def Info: 000logos/upm.png  used on input line 858.
(pdftex.def)             Requested size: 17.07164pt x 18.92484pt.
 [43

 <./figs/118curso01.pdf> <./figs/118curso02.pdf> <./figs/118curso03.pdf> <./fig
s/118curso04.pdf>]

LaTeX Warning: Reference `eq:FMb' on page 44 undefined on input line 886.

File: 000logos/upm.png Graphic file (type png)
<use 000logos/upm.png>
Package pdftex.def Info: 000logos/upm.png  used on input line 886.
(pdftex.def)             Requested size: 17.07164pt x 18.92484pt.
[44

]

LaTeX Warning: Reference `eq:FMb1' on page 45 undefined on input line 917.


LaTeX Warning: Reference `eq:FMb' on page 45 undefined on input line 917.

File: 000logos/upm.png Graphic file (type png)
<use 000logos/upm.png>
Package pdftex.def Info: 000logos/upm.png  used on input line 917.
(pdftex.def)             Requested size: 17.07164pt x 18.92484pt.
[45

]
<figs/118curso08a.pdf, id=1250, 306.14375pt x 99.37125pt>
File: figs/118curso08a.pdf Graphic file (type pdf)
<use figs/118curso08a.pdf>
Package pdftex.def Info: figs/118curso08a.pdf  used on input line 950.
(pdftex.def)             Requested size: 153.07149pt x 49.6855pt.
File: 000logos/upm.png Graphic file (type png)
<use 000logos/upm.png>
Package pdftex.def Info: 000logos/upm.png  used on input line 950.
(pdftex.def)             Requested size: 17.07164pt x 18.92484pt.
 [46

 <./figs/118curso08a.pdf>]
No file 1065vigas.toc.
[47

]
File: figs/118curso05a.pdf Graphic file (type pdf)
<use figs/118curso05a.pdf>
Package pdftex.def Info: figs/118curso05a.pdf  used on input line 1000.
(pdftex.def)             Requested size: 179.16893pt x 48.17987pt.
File: 000logos/upm.png Graphic file (type png)
<use 000logos/upm.png>
Package pdftex.def Info: 000logos/upm.png  used on input line 1000.
(pdftex.def)             Requested size: 17.07164pt x 18.92484pt.
 [48

]
<figs/118curso09a.pdf, id=1304, 250.9375pt x 288.07625pt>
File: figs/118curso09a.pdf Graphic file (type pdf)
<use figs/118curso09a.pdf>
Package pdftex.def Info: figs/118curso09a.pdf  used on input line 1047.
(pdftex.def)             Requested size: 154.09483pt x 176.90868pt.
File: 000logos/upm.png Graphic file (type png)
<use 000logos/upm.png>
Package pdftex.def Info: 000logos/upm.png  used on input line 1047.
(pdftex.def)             Requested size: 17.07164pt x 18.92484pt.
 [49

 <./figs/118curso09a.pdf>]

LaTeX Warning: Reference `eq:uxzt' on page 50 undefined on input line 1083.


LaTeX Warning: Reference `eq:wxzt' on page 50 undefined on input line 1083.


LaTeX Warning: Reference `eq:uxzt' on page 50 undefined on input line 1083.


LaTeX Warning: Reference `eq:uxzt' on page 50 undefined on input line 1083.


LaTeX Warning: Reference `eq:wxzt' on page 50 undefined on input line 1083.


LaTeX Warning: Reference `eq:uxzt' on page 50 undefined on input line 1083.

File: 000logos/upm.png Graphic file (type png)
<use 000logos/upm.png>
Package pdftex.def Info: 000logos/upm.png  used on input line 1083.
(pdftex.def)             Requested size: 17.07164pt x 18.92484pt.
[50

]
File: 000logos/upm.png Graphic file (type png)
<use 000logos/upm.png>
Package pdftex.def Info: 000logos/upm.png  used on input line 1112.
(pdftex.def)             Requested size: 17.07164pt x 18.92484pt.
 [51

]

LaTeX Warning: Reference `eq:gamma' on page 52 undefined on input line 1137.



pdfTeX warning: /Library/TeX/texbin/pdflatex (file ./figs/parabolic-shear-stres
s.pdf): PDF inclusion: found PDF version <1.7>, but at most version <1.5> allow
ed
<figs/parabolic-shear-stress.pdf, id=1405, 312.16624pt x 139.52126pt>
File: figs/parabolic-shear-stress.pdf Graphic file (type pdf)
<use figs/parabolic-shear-stress.pdf>
Package pdftex.def Info: figs/parabolic-shear-stress.pdf  used on input line 11
37.
(pdftex.def)             Requested size: 156.08273pt x 69.76045pt.
File: 000logos/upm.png Graphic file (type png)
<use 000logos/upm.png>
Package pdftex.def Info: 000logos/upm.png  used on input line 1137.
(pdftex.def)             Requested size: 17.07164pt x 18.92484pt.
[52

 <./figs/parabolic-shear-stress.pdf>]

pdfTeX warning: /Library/TeX/texbin/pdflatex (file ./figs/reduced-shear-area.pd
f): PDF inclusion: found PDF version <1.7>, but at most version <1.5> allowed
<figs/reduced-shear-area.pdf, id=1435, 310.15875pt x 139.52126pt>
File: figs/reduced-shear-area.pdf Graphic file (type pdf)
<use figs/reduced-shear-area.pdf>
Package pdftex.def Info: figs/reduced-shear-area.pdf  used on input line 1161.
(pdftex.def)             Requested size: 170.58783pt x 76.73692pt.
File: 000logos/upm.png Graphic file (type png)
<use 000logos/upm.png>
Package pdftex.def Info: 000logos/upm.png  used on input line 1161.
(pdftex.def)             Requested size: 17.07164pt x 18.92484pt.
[53

 <./figs/reduced-shear-area.pdf>]

LaTeX Warning: Reference `eq:MV' on page 54 undefined on input line 1189.


LaTeX Warning: Reference `eq:Vq' on page 54 undefined on input line 1189.


LaTeX Warning: Reference `eq:MV' on page 54 undefined on input line 1189.


LaTeX Warning: Reference `eq:Vq' on page 54 undefined on input line 1189.

File: 000logos/upm.png Graphic file (type png)
<use 000logos/upm.png>
Package pdftex.def Info: 000logos/upm.png  used on input line 1189.
(pdftex.def)             Requested size: 17.07164pt x 18.92484pt.
[54

]

LaTeX Warning: Reference `eq:FFtM' on page 55 undefined on input line 1211.

File: 000logos/upm.png Graphic file (type png)
<use 000logos/upm.png>
Package pdftex.def Info: 000logos/upm.png  used on input line 1211.
(pdftex.def)             Requested size: 17.07164pt x 18.92484pt.
[55

]

LaTeX Warning: Reference `eq:FFtV' on page 56 undefined on input line 1234.

File: 000logos/upm.png Graphic file (type png)
<use 000logos/upm.png>
Package pdftex.def Info: 000logos/upm.png  used on input line 1234.
(pdftex.def)             Requested size: 17.07164pt x 18.92484pt.
[56

]

LaTeX Warning: Reference `eq:FDMt' on page 57 undefined on input line 1268.


LaTeX Warning: Reference `eq:FDVt' on page 57 undefined on input line 1268.

File: 000logos/upm.png Graphic file (type png)
<use 000logos/upm.png>
Package pdftex.def Info: 000logos/upm.png  used on input line 1268.
(pdftex.def)             Requested size: 17.07164pt x 18.92484pt.
[57

]
No file 1065vigas.toc.
[58

]

LaTeX Warning: Reference `eq:FDt' on page 59 undefined on input line 1299.

<figs/118curso10a.pdf, id=1587, 221.82875pt x 125.46875pt>
File: figs/118curso10a.pdf Graphic file (type pdf)
<use figs/118curso10a.pdf>
Package pdftex.def Info: figs/118curso10a.pdf  used on input line 1299.
(pdftex.def)             Requested size: 128.41324pt x 72.63023pt.
<figs/118curso11a.pdf, id=1588, 228.855pt x 125.46875pt>
File: figs/118curso11a.pdf Graphic file (type pdf)
<use figs/118curso11a.pdf>
Package pdftex.def Info: figs/118curso11a.pdf  used on input line 1299.
(pdftex.def)             Requested size: 128.41324pt x 70.40369pt.
File: 000logos/upm.png Graphic file (type png)
<use 000logos/upm.png>
Package pdftex.def Info: 000logos/upm.png  used on input line 1299.
(pdftex.def)             Requested size: 17.07164pt x 18.92484pt.
[59

 <./figs/118curso10a.pdf> <./figs/118curso11a.pdf>]
File: 000logos/upm.png Graphic file (type png)
<use 000logos/upm.png>
Package pdftex.def Info: 000logos/upm.png  used on input line 1321.
(pdftex.def)             Requested size: 17.07164pt x 18.92484pt.
 [60

]
File: 000logos/upm.png Graphic file (type png)
<use 000logos/upm.png>
Package pdftex.def Info: 000logos/upm.png  used on input line 1344.
(pdftex.def)             Requested size: 17.07164pt x 18.92484pt.
 [61

]
File: 000logos/upm.png Graphic file (type png)
<use 000logos/upm.png>
Package pdftex.def Info: 000logos/upm.png  used on input line 1374.
(pdftex.def)             Requested size: 17.07164pt x 18.92484pt.
 [62

]
No file 1065vigas.toc.
[63

]
<figs/118curso13a.pdf, id=1684, 214.8025pt x 81.30376pt>
File: figs/118curso13a.pdf Graphic file (type pdf)
<use figs/118curso13a.pdf>
Package pdftex.def Info: figs/118curso13a.pdf  used on input line 1403.
(pdftex.def)             Requested size: 107.40099pt x 40.65176pt.
<figs/118curso14a.pdf, id=1685, 212.795pt x 81.30376pt>
File: figs/118curso14a.pdf Graphic file (type pdf)
<use figs/118curso14a.pdf>
Package pdftex.def Info: figs/118curso14a.pdf  used on input line 1403.
(pdftex.def)             Requested size: 106.39723pt x 40.65176pt.
<figs/118curso15a.pdf, id=1686, 307.1475pt x 114.4275pt>
File: figs/118curso15a.pdf Graphic file (type pdf)
<use figs/118curso15a.pdf>
Package pdftex.def Info: figs/118curso15a.pdf  used on input line 1403.
(pdftex.def)             Requested size: 153.57336pt x 57.21361pt.

Overfull \hbox (9.75116pt too wide) in paragraph at lines 1403--1403
[][][] 
 []

File: 000logos/upm.png Graphic file (type png)
<use 000logos/upm.png>
Package pdftex.def Info: 000logos/upm.png  used on input line 1403.
(pdftex.def)             Requested size: 17.07164pt x 18.92484pt.
[64

 <./figs/118curso13a.pdf> <./figs/118curso14a.pdf> <./figs/118curso15a.pdf>]
File: figs/118curso13a.pdf Graphic file (type pdf)
<use figs/118curso13a.pdf>
Package pdftex.def Info: figs/118curso13a.pdf  used on input line 1403.
(pdftex.def)             Requested size: 107.40099pt x 40.65176pt.
File: figs/118curso14a.pdf Graphic file (type pdf)
<use figs/118curso14a.pdf>
Package pdftex.def Info: figs/118curso14a.pdf  used on input line 1403.
(pdftex.def)             Requested size: 106.39723pt x 40.65176pt.
File: figs/118curso15a.pdf Graphic file (type pdf)
<use figs/118curso15a.pdf>
Package pdftex.def Info: figs/118curso15a.pdf  used on input line 1403.
(pdftex.def)             Requested size: 153.57336pt x 57.21361pt.

Overfull \hbox (9.75116pt too wide) in paragraph at lines 1403--1403
[][][] 
 []

File: 000logos/upm.png Graphic file (type png)
<use 000logos/upm.png>
Package pdftex.def Info: 000logos/upm.png  used on input line 1403.
(pdftex.def)             Requested size: 17.07164pt x 18.92484pt.
[65

]
File: figs/118curso13a.pdf Graphic file (type pdf)
<use figs/118curso13a.pdf>
Package pdftex.def Info: figs/118curso13a.pdf  used on input line 1403.
(pdftex.def)             Requested size: 107.40099pt x 40.65176pt.
File: figs/118curso14a.pdf Graphic file (type pdf)
<use figs/118curso14a.pdf>
Package pdftex.def Info: figs/118curso14a.pdf  used on input line 1403.
(pdftex.def)             Requested size: 106.39723pt x 40.65176pt.
File: figs/118curso15a.pdf Graphic file (type pdf)
<use figs/118curso15a.pdf>
Package pdftex.def Info: figs/118curso15a.pdf  used on input line 1403.
(pdftex.def)             Requested size: 153.57336pt x 57.21361pt.

Overfull \hbox (9.75116pt too wide) in paragraph at lines 1403--1403
[][][][] 
 []

File: 000logos/upm.png Graphic file (type png)
<use 000logos/upm.png>
Package pdftex.def Info: 000logos/upm.png  used on input line 1403.
(pdftex.def)             Requested size: 17.07164pt x 18.92484pt.
[66

]
File: 000logos/upm.png Graphic file (type png)
<use 000logos/upm.png>
Package pdftex.def Info: 000logos/upm.png  used on input line 1435.
(pdftex.def)             Requested size: 17.07164pt x 18.92484pt.
 [67

]
File: 000logos/upm.png Graphic file (type png)
<use 000logos/upm.png>
Package pdftex.def Info: 000logos/upm.png  used on input line 1435.
(pdftex.def)             Requested size: 17.07164pt x 18.92484pt.
 [68

]
File: 000logos/upm.png Graphic file (type png)
<use 000logos/upm.png>
Package pdftex.def Info: 000logos/upm.png  used on input line 1435.
(pdftex.def)             Requested size: 17.07164pt x 18.92484pt.
 [69

]
File: 000logos/upm.png Graphic file (type png)
<use 000logos/upm.png>
Package pdftex.def Info: 000logos/upm.png  used on input line 1435.
(pdftex.def)             Requested size: 17.07164pt x 18.92484pt.
 [70

]

pdfTeX warning: /Library/TeX/texbin/pdflatex (file ./figs-abaqus/empb10-u2.pdf)
: PDF inclusion: found PDF version <1.7>, but at most version <1.5> allowed
<figs-abaqus/empb10-u2.pdf, id=1812, 1139.3365pt x 625.37944pt>
File: figs-abaqus/empb10-u2.pdf Graphic file (type pdf)
<use figs-abaqus/empb10-u2.pdf>
Package pdftex.def Info: figs-abaqus/empb10-u2.pdf  used on input line 1459.
(pdftex.def)             Requested size: 171.21765pt x 93.97462pt.


pdfTeX warning: /Library/TeX/texbin/pdflatex (file ./figs-abaqus/empt10-u2.pdf)
: PDF inclusion: found PDF version <1.7>, but at most version <1.5> allowed
<figs-abaqus/empt10-u2.pdf, id=1813, 1139.3365pt x 625.37944pt>
File: figs-abaqus/empt10-u2.pdf Graphic file (type pdf)
<use figs-abaqus/empt10-u2.pdf>
Package pdftex.def Info: figs-abaqus/empt10-u2.pdf  used on input line 1459.
(pdftex.def)             Requested size: 171.21765pt x 93.97462pt.


pdfTeX warning: /Library/TeX/texbin/pdflatex (file ./figs-abaqus/empb3-u2.pdf):
 PDF inclusion: found PDF version <1.7>, but at most version <1.5> allowed
<figs-abaqus/empb3-u2.pdf, id=1814, 1139.3365pt x 625.37944pt>
File: figs-abaqus/empb3-u2.pdf Graphic file (type pdf)
<use figs-abaqus/empb3-u2.pdf>
Package pdftex.def Info: figs-abaqus/empb3-u2.pdf  used on input line 1459.
(pdftex.def)             Requested size: 171.21765pt x 93.97462pt.


pdfTeX warning: /Library/TeX/texbin/pdflatex (file ./figs-abaqus/empt3-u2.pdf):
 PDF inclusion: found PDF version <1.7>, but at most version <1.5> allowed
<figs-abaqus/empt3-u2.pdf, id=1815, 1139.3365pt x 625.37944pt>
File: figs-abaqus/empt3-u2.pdf Graphic file (type pdf)
<use figs-abaqus/empt3-u2.pdf>
Package pdftex.def Info: figs-abaqus/empt3-u2.pdf  used on input line 1459.
(pdftex.def)             Requested size: 171.21765pt x 93.97462pt.
File: 000logos/upm.png Graphic file (type png)
<use 000logos/upm.png>
Package pdftex.def Info: 000logos/upm.png  used on input line 1459.
(pdftex.def)             Requested size: 17.07164pt x 18.92484pt.
[71

 <./figs-abaqus/empb10-u2.pdf> <./figs-abaqus/empt10-u2.pdf> <./figs-abaqus/emp
b3-u2.pdf> <./figs-abaqus/empt3-u2.pdf>]
No file 1065vigas.toc.
[72

]
<figs/118curso16a.pdf, id=1877, 258.9675pt x 83.31125pt>
File: figs/118curso16a.pdf Graphic file (type pdf)
<use figs/118curso16a.pdf>
Package pdftex.def Info: figs/118curso16a.pdf  used on input line 1492.
(pdftex.def)             Requested size: 155.38168pt x 49.98712pt.

Overfull \hbox (21.90005pt too wide) in paragraph at lines 1492--1492
[][][][][]  
 []

File: 000logos/upm.png Graphic file (type png)
<use 000logos/upm.png>
Package pdftex.def Info: 000logos/upm.png  used on input line 1492.
(pdftex.def)             Requested size: 17.07164pt x 18.92484pt.
[73

 <./figs/118curso16a.pdf>]
File: figs/118curso16a.pdf Graphic file (type pdf)
<use figs/118curso16a.pdf>
Package pdftex.def Info: figs/118curso16a.pdf  used on input line 1492.
(pdftex.def)             Requested size: 155.38168pt x 49.98712pt.

Overfull \hbox (21.90005pt too wide) in paragraph at lines 1492--1492
[][][][][]  
 []

File: 000logos/upm.png Graphic file (type png)
<use 000logos/upm.png>
Package pdftex.def Info: 000logos/upm.png  used on input line 1492.
(pdftex.def)             Requested size: 17.07164pt x 18.92484pt.
[74

]
File: figs/118curso16a.pdf Graphic file (type pdf)
<use figs/118curso16a.pdf>
Package pdftex.def Info: figs/118curso16a.pdf  used on input line 1492.
(pdftex.def)             Requested size: 155.38168pt x 49.98712pt.

Overfull \hbox (21.90005pt too wide) in paragraph at lines 1492--1492
[][][][][]  
 []

File: 000logos/upm.png Graphic file (type png)
<use 000logos/upm.png>
Package pdftex.def Info: 000logos/upm.png  used on input line 1492.
(pdftex.def)             Requested size: 17.07164pt x 18.92484pt.
[75

]
File: figs/118curso16a.pdf Graphic file (type pdf)
<use figs/118curso16a.pdf>
Package pdftex.def Info: figs/118curso16a.pdf  used on input line 1492.
(pdftex.def)             Requested size: 155.38168pt x 49.98712pt.

Overfull \hbox (21.90005pt too wide) in paragraph at lines 1492--1492
[][][][][]  
 []

File: 000logos/upm.png Graphic file (type png)
<use 000logos/upm.png>
Package pdftex.def Info: 000logos/upm.png  used on input line 1492.
(pdftex.def)             Requested size: 17.07164pt x 18.92484pt.
[76

]
<figs/118curso17a.pdf, id=1947, 243.91125pt x 91.34125pt>
File: figs/118curso17a.pdf Graphic file (type pdf)
<use figs/118curso17a.pdf>
Package pdftex.def Info: figs/118curso17a.pdf  used on input line 1528.
(pdftex.def)             Requested size: 121.95532pt x 45.6705pt.

Underfull \hbox (badness 10000) in paragraph at lines 1528--1528
[]
 []


Overfull \hbox (2.10088pt too wide) in paragraph at lines 1528--1528
[] 
 []

File: 000logos/upm.png Graphic file (type png)
<use 000logos/upm.png>
Package pdftex.def Info: 000logos/upm.png  used on input line 1528.
(pdftex.def)             Requested size: 17.07164pt x 18.92484pt.
[77

 <./figs/118curso17a.pdf>]
File: 000logos/upm.png Graphic file (type png)
<use 000logos/upm.png>
Package pdftex.def Info: 000logos/upm.png  used on input line 1568.
(pdftex.def)             Requested size: 17.07164pt x 18.92484pt.
 [78

]
File: 000logos/upm.png Graphic file (type png)
<use 000logos/upm.png>
Package pdftex.def Info: 000logos/upm.png  used on input line 1601.
(pdftex.def)             Requested size: 17.07164pt x 18.92484pt.
 [79

]
File: 000logos/upm.png Graphic file (type png)
<use 000logos/upm.png>
Package pdftex.def Info: 000logos/upm.png  used on input line 1642.
(pdftex.def)             Requested size: 17.07164pt x 18.92484pt.
 [80

]
File: 000logos/upm.png Graphic file (type png)
<use 000logos/upm.png>
Package pdftex.def Info: 000logos/upm.png  used on input line 1642.
(pdftex.def)             Requested size: 17.07164pt x 18.92484pt.
 [81

]
File: 000logos/upm.png Graphic file (type png)
<use 000logos/upm.png>
Package pdftex.def Info: 000logos/upm.png  used on input line 1642.
(pdftex.def)             Requested size: 17.07164pt x 18.92484pt.
 [82

]
<figs/118curso18a.pdf, id=2047, 220.825pt x 68.255pt>
File: figs/118curso18a.pdf Graphic file (type pdf)
<use figs/118curso18a.pdf>
Package pdftex.def Info: figs/118curso18a.pdf  used on input line 1673.
(pdftex.def)             Requested size: 110.41222pt x 34.12741pt.
File: 000logos/upm.png Graphic file (type png)
<use 000logos/upm.png>
Package pdftex.def Info: 000logos/upm.png  used on input line 1673.
(pdftex.def)             Requested size: 17.07164pt x 18.92484pt.
 [83

 <./figs/118curso18a.pdf>]
File: 000logos/upm.png Graphic file (type png)
<use 000logos/upm.png>
Package pdftex.def Info: 000logos/upm.png  used on input line 1700.
(pdftex.def)             Requested size: 17.07164pt x 18.92484pt.
 [84

]
File: 000logos/upm.png Graphic file (type png)
<use 000logos/upm.png>
Package pdftex.def Info: 000logos/upm.png  used on input line 1700.
(pdftex.def)             Requested size: 17.07164pt x 18.92484pt.
 [85

]
File: 000logos/upm.png Graphic file (type png)
<use 000logos/upm.png>
Package pdftex.def Info: 000logos/upm.png  used on input line 1700.
(pdftex.def)             Requested size: 17.07164pt x 18.92484pt.
 [86

]
No file 1065vigas.toc.
[87

]
<figs4/cps4i-r.png, id=2143, 885.3075pt x 279.0425pt>
File: figs4/cps4i-r.png Graphic file (type png)
<use figs4/cps4i-r.png>
Package pdftex.def Info: figs4/cps4i-r.png  used on input line 1751.
(pdftex.def)             Requested size: 123.2792pt x 38.85278pt.

Overfull \hbox (10.27377pt too wide) in paragraph at lines 1751--1751
 [][][] 
 []

<figs4/cps4x5r.png, id=2144, 870.25125pt x 276.03125pt>
File: figs4/cps4x5r.png Graphic file (type png)
<use figs4/cps4x5r.png>
Package pdftex.def Info: figs4/cps4x5r.png  used on input line 1751.
(pdftex.def)             Requested size: 123.2792pt x 39.09898pt.
<figs4/cps8.png, id=2145, 868.24374pt x 272.01625pt>
File: figs4/cps8.png Graphic file (type png)
<use figs4/cps8.png>
Package pdftex.def Info: figs4/cps8.png  used on input line 1751.
(pdftex.def)             Requested size: 123.2792pt x 38.62158pt.

Overfull \vbox (3.12311pt too high) detected at line 1751
 []

File: 000logos/upm.png Graphic file (type png)
<use 000logos/upm.png>
Package pdftex.def Info: 000logos/upm.png  used on input line 1751.
(pdftex.def)             Requested size: 17.07164pt x 18.92484pt.
[88

 <./figs4/cps4i-r.png> <./figs4/cps4x5r.png> <./figs4/cps8.png>]
File: figs4/cps4i-r.png Graphic file (type png)
<use figs4/cps4i-r.png>
Package pdftex.def Info: figs4/cps4i-r.png  used on input line 1751.
(pdftex.def)             Requested size: 123.2792pt x 38.85278pt.

Overfull \hbox (10.27377pt too wide) in paragraph at lines 1751--1751
 [][][] 
 []

File: figs4/cps4x5r.png Graphic file (type png)
<use figs4/cps4x5r.png>
Package pdftex.def Info: figs4/cps4x5r.png  used on input line 1751.
(pdftex.def)             Requested size: 123.2792pt x 39.09898pt.
File: figs4/cps8.png Graphic file (type png)
<use figs4/cps8.png>
Package pdftex.def Info: figs4/cps8.png  used on input line 1751.
(pdftex.def)             Requested size: 123.2792pt x 38.62158pt.

Overfull \vbox (3.12311pt too high) detected at line 1751
 []

File: 000logos/upm.png Graphic file (type png)
<use 000logos/upm.png>
Package pdftex.def Info: 000logos/upm.png  used on input line 1751.
(pdftex.def)             Requested size: 17.07164pt x 18.92484pt.
[89

]
File: figs4/cps4i-r.png Graphic file (type png)
<use figs4/cps4i-r.png>
Package pdftex.def Info: figs4/cps4i-r.png  used on input line 1751.
(pdftex.def)             Requested size: 123.2792pt x 38.85278pt.

Overfull \hbox (10.27377pt too wide) in paragraph at lines 1751--1751
 [][][] 
 []

File: figs4/cps4x5r.png Graphic file (type png)
<use figs4/cps4x5r.png>
Package pdftex.def Info: figs4/cps4x5r.png  used on input line 1751.
(pdftex.def)             Requested size: 123.2792pt x 39.09898pt.
File: figs4/cps8.png Graphic file (type png)
<use figs4/cps8.png>
Package pdftex.def Info: figs4/cps8.png  used on input line 1751.
(pdftex.def)             Requested size: 123.2792pt x 38.62158pt.

Overfull \vbox (3.12311pt too high) detected at line 1751
 []

File: 000logos/upm.png Graphic file (type png)
<use 000logos/upm.png>
Package pdftex.def Info: 000logos/upm.png  used on input line 1751.
(pdftex.def)             Requested size: 17.07164pt x 18.92484pt.
[90

]
File: figs4/cps4i-r.png Graphic file (type png)
<use figs4/cps4i-r.png>
Package pdftex.def Info: figs4/cps4i-r.png  used on input line 1751.
(pdftex.def)             Requested size: 123.2792pt x 38.85278pt.

Overfull \hbox (10.27377pt too wide) in paragraph at lines 1751--1751
 [][][] 
 []

File: figs4/cps4x5r.png Graphic file (type png)
<use figs4/cps4x5r.png>
Package pdftex.def Info: figs4/cps4x5r.png  used on input line 1751.
(pdftex.def)             Requested size: 123.2792pt x 39.09898pt.
File: figs4/cps8.png Graphic file (type png)
<use figs4/cps8.png>
Package pdftex.def Info: figs4/cps8.png  used on input line 1751.
(pdftex.def)             Requested size: 123.2792pt x 38.62158pt.

Overfull \vbox (3.12311pt too high) detected at line 1751
 []

File: 000logos/upm.png Graphic file (type png)
<use 000logos/upm.png>
Package pdftex.def Info: 000logos/upm.png  used on input line 1751.
(pdftex.def)             Requested size: 17.07164pt x 18.92484pt.
[91

]
<figs3/incompatible-modes-1.pdf, id=2242, 115.0011pt x 96.36002pt>
File: figs3/incompatible-modes-1.pdf Graphic file (type pdf)
<use figs3/incompatible-modes-1.pdf>
Package pdftex.def Info: figs3/incompatible-modes-1.pdf  used on input line 179
1.
(pdftex.def)             Requested size: 113.00427pt x 94.68651pt.
<figs3/incompatible-modes-2.pdf, id=2243, 111.55968pt x 97.79393pt>
File: figs3/incompatible-modes-2.pdf Graphic file (type pdf)
<use figs3/incompatible-modes-2.pdf>
Package pdftex.def Info: figs3/incompatible-modes-2.pdf  used on input line 179
1.
(pdftex.def)             Requested size: 113.00427pt x 99.06354pt.
<figs3/incompatible-modes-3.pdf, id=2244, 108.69177pt x 96.93356pt>
File: figs3/incompatible-modes-3.pdf Graphic file (type pdf)
<use figs3/incompatible-modes-3.pdf>
Package pdftex.def Info: figs3/incompatible-modes-3.pdf  used on input line 179
1.
(pdftex.def)             Requested size: 113.00427pt x 100.78189pt.
File: 000logos/upm.png Graphic file (type png)
<use 000logos/upm.png>
Package pdftex.def Info: 000logos/upm.png  used on input line 1791.
(pdftex.def)             Requested size: 17.07164pt x 18.92484pt.
 [92

 <./figs3/incompatible-modes-1.pdf> <./figs3/incompatible-modes-2.pdf> <./figs3
/incompatible-modes-3.pdf>]
File: figs3/incompatible-modes-1.pdf Graphic file (type pdf)
<use figs3/incompatible-modes-1.pdf>
Package pdftex.def Info: figs3/incompatible-modes-1.pdf  used on input line 179
1.
(pdftex.def)             Requested size: 113.00427pt x 94.68651pt.
File: figs3/incompatible-modes-2.pdf Graphic file (type pdf)
<use figs3/incompatible-modes-2.pdf>
Package pdftex.def Info: figs3/incompatible-modes-2.pdf  used on input line 179
1.
(pdftex.def)             Requested size: 113.00427pt x 99.06354pt.
File: figs3/incompatible-modes-3.pdf Graphic file (type pdf)
<use figs3/incompatible-modes-3.pdf>
Package pdftex.def Info: figs3/incompatible-modes-3.pdf  used on input line 179
1.
(pdftex.def)             Requested size: 113.00427pt x 100.78189pt.
File: 000logos/upm.png Graphic file (type png)
<use 000logos/upm.png>
Package pdftex.def Info: 000logos/upm.png  used on input line 1791.
(pdftex.def)             Requested size: 17.07164pt x 18.92484pt.
 [93

]
File: figs3/incompatible-modes-1.pdf Graphic file (type pdf)
<use figs3/incompatible-modes-1.pdf>
Package pdftex.def Info: figs3/incompatible-modes-1.pdf  used on input line 179
1.
(pdftex.def)             Requested size: 113.00427pt x 94.68651pt.
File: figs3/incompatible-modes-2.pdf Graphic file (type pdf)
<use figs3/incompatible-modes-2.pdf>
Package pdftex.def Info: figs3/incompatible-modes-2.pdf  used on input line 179
1.
(pdftex.def)             Requested size: 113.00427pt x 99.06354pt.
File: figs3/incompatible-modes-3.pdf Graphic file (type pdf)
<use figs3/incompatible-modes-3.pdf>
Package pdftex.def Info: figs3/incompatible-modes-3.pdf  used on input line 179
1.
(pdftex.def)             Requested size: 113.00427pt x 100.78189pt.
File: 000logos/upm.png Graphic file (type png)
<use 000logos/upm.png>
Package pdftex.def Info: 000logos/upm.png  used on input line 1791.
(pdftex.def)             Requested size: 17.07164pt x 18.92484pt.
 [94

]
File: figs3/incompatible-modes-1.pdf Graphic file (type pdf)
<use figs3/incompatible-modes-1.pdf>
Package pdftex.def Info: figs3/incompatible-modes-1.pdf  used on input line 179
1.
(pdftex.def)             Requested size: 113.00427pt x 94.68651pt.
File: figs3/incompatible-modes-2.pdf Graphic file (type pdf)
<use figs3/incompatible-modes-2.pdf>
Package pdftex.def Info: figs3/incompatible-modes-2.pdf  used on input line 179
1.
(pdftex.def)             Requested size: 113.00427pt x 99.06354pt.
File: figs3/incompatible-modes-3.pdf Graphic file (type pdf)
<use figs3/incompatible-modes-3.pdf>
Package pdftex.def Info: figs3/incompatible-modes-3.pdf  used on input line 179
1.
(pdftex.def)             Requested size: 113.00427pt x 100.78189pt.
File: 000logos/upm.png Graphic file (type png)
<use 000logos/upm.png>
Package pdftex.def Info: 000logos/upm.png  used on input line 1791.
(pdftex.def)             Requested size: 17.07164pt x 18.92484pt.
 [95

]
No file 1065vigas.toc.
[96

]
<figs-abaqus/00_create-part-0.png, id=2348, 397.485pt x 477.785pt>
File: figs-abaqus/00_create-part-0.png Graphic file (type png)
<use figs-abaqus/00_create-part-0.png>
Package pdftex.def Info: figs-abaqus/00_create-part-0.png  used on input line 1
801.
(pdftex.def)             Requested size: 178.8666pt x 215.00125pt.
File: 000logos/upm.png Graphic file (type png)
<use 000logos/upm.png>
Package pdftex.def Info: 000logos/upm.png  used on input line 1801.
(pdftex.def)             Requested size: 17.07164pt x 18.92484pt.
 [97

 <./figs-abaqus/00_create-part-0.png>]
<figs-abaqus/00_create-part-1.png, id=2366, 1164.35pt x 624.3325pt>
File: figs-abaqus/00_create-part-1.png Graphic file (type png)
<use figs-abaqus/00_create-part-1.png>
Package pdftex.def Info: figs-abaqus/00_create-part-1.png  used on input line 1
807.
(pdftex.def)             Requested size: 349.3077pt x 187.3012pt.

Overfull \hbox (6.87238pt too wide) in paragraph at lines 1807--1807
 [][] 
 []

File: 000logos/upm.png Graphic file (type png)
<use 000logos/upm.png>
Package pdftex.def Info: 000logos/upm.png  used on input line 1807.
(pdftex.def)             Requested size: 17.07164pt x 18.92484pt.
[98

 <./figs-abaqus/00_create-part-1.png>]
<figs-abaqus/01_create-section-1.png, id=2383, 240.9pt x 223.83624pt>
File: figs-abaqus/01_create-section-1.png Graphic file (type png)
<use figs-abaqus/01_create-section-1.png>
Package pdftex.def Info: figs-abaqus/01_create-section-1.png  used on input lin
e 1819.
(pdftex.def)             Requested size: 91.54294pt x 85.05865pt.
<figs-abaqus/01_create-section-2-before.png, id=2384, 554.07pt x 627.34375pt>
File: figs-abaqus/01_create-section-2-before.png Graphic file (type png)
<use figs-abaqus/01_create-section-2-before.png>
Package pdftex.def Info: figs-abaqus/01_create-section-2-before.png  used on in
put line 1819.
(pdftex.def)             Requested size: 210.54878pt x 238.3931pt.

Overfull \vbox (5.61751pt too high) detected at line 1819
 []

File: 000logos/upm.png Graphic file (type png)
<use 000logos/upm.png>
Package pdftex.def Info: 000logos/upm.png  used on input line 1819.
(pdftex.def)             Requested size: 17.07164pt x 18.92484pt.
[99

 <./figs-abaqus/01_create-section-1.png> <./figs-abaqus/01_create-section-2-bef
ore.png>]
<figs-abaqus/01_create-section-profile.png, id=2402, 349.305pt x 359.3425pt>
File: figs-abaqus/01_create-section-profile.png Graphic file (type png)
<use figs-abaqus/01_create-section-profile.png>
Package pdftex.def Info: figs-abaqus/01_create-section-profile.png  used on inp
ut line 1836.
(pdftex.def)             Requested size: 122.25858pt x 125.77174pt.
<figs-abaqus/02_assign-orient-4.png, id=2403, 732.7375pt x 664.4825pt>
File: figs-abaqus/02_assign-orient-4.png Graphic file (type png)
<use figs-abaqus/02_assign-orient-4.png>
Package pdftex.def Info: figs-abaqus/02_assign-orient-4.png  used on input line
 1836.
(pdftex.def)             Requested size: 205.1651pt x 186.05382pt.
File: 000logos/upm.png Graphic file (type png)
<use 000logos/upm.png>
Package pdftex.def Info: 000logos/upm.png  used on input line 1836.
(pdftex.def)             Requested size: 17.07164pt x 18.92484pt.
 [100

 <./figs-abaqus/01_create-section-profile.png> <./figs-abaqus/02_assign-orient-
4.png>]
<figs-abaqus/03-view-part0.png, id=2421, 840.13875pt x 714.67pt>
File: figs-abaqus/03-view-part0.png Graphic file (type png)
<use figs-abaqus/03-view-part0.png>
Package pdftex.def Info: figs-abaqus/03-view-part0.png  used on input line 1842
.
(pdftex.def)             Requested size: 277.24664pt x 235.84183pt.

Overfull \vbox (3.06624pt too high) detected at line 1842
 []

File: 000logos/upm.png Graphic file (type png)
<use 000logos/upm.png>
Package pdftex.def Info: 000logos/upm.png  used on input line 1842.
(pdftex.def)             Requested size: 17.07164pt x 18.92484pt.
[101

 <./figs-abaqus/03-view-part0.png>]
<figs-abaqus/03-view-part1.png, id=2438, 840.13875pt x 714.67pt>
File: figs-abaqus/03-view-part1.png Graphic file (type png)
<use figs-abaqus/03-view-part1.png>
Package pdftex.def Info: figs-abaqus/03-view-part1.png  used on input line 1848
.
(pdftex.def)             Requested size: 277.24664pt x 235.84183pt.

Overfull \vbox (3.06624pt too high) detected at line 1848
 []

File: 000logos/upm.png Graphic file (type png)
<use 000logos/upm.png>
Package pdftex.def Info: 000logos/upm.png  used on input line 1848.
(pdftex.def)             Requested size: 17.07164pt x 18.92484pt.
[102

 <./figs-abaqus/03-view-part1.png>]
<figs-abaqus/05_line-load-1.png, id=2455, 591.20876pt x 315.1775pt>
File: figs-abaqus/05_line-load-1.png Graphic file (type png)
<use figs-abaqus/05_line-load-1.png>
Package pdftex.def Info: figs-abaqus/05_line-load-1.png  used on input line 185
5.
(pdftex.def)             Requested size: 236.47931pt x 126.06876pt.
<figs-abaqus/05_line-load-2.png, id=2456, 572.1375pt x 78.2925pt>
File: figs-abaqus/05_line-load-2.png Graphic file (type png)
<use figs-abaqus/05_line-load-2.png>
Package pdftex.def Info: figs-abaqus/05_line-load-2.png  used on input line 185
5.
(pdftex.def)             Requested size: 228.85094pt x 31.31644pt.
File: 000logos/upm.png Graphic file (type png)
<use 000logos/upm.png>
Package pdftex.def Info: 000logos/upm.png  used on input line 1855.
(pdftex.def)             Requested size: 17.07164pt x 18.92484pt.
 [103

 <./figs-abaqus/05_line-load-1.png> <./figs-abaqus/05_line-load-2.png>]
<figs-abaqus/06_0_mesh-seeds1.png, id=2476, 838.13126pt x 435.6275pt>
File: figs-abaqus/06_0_mesh-seeds1.png Graphic file (type png)
<use figs-abaqus/06_0_mesh-seeds1.png>
Package pdftex.def Info: figs-abaqus/06_0_mesh-seeds1.png  used on input line 1
861.
(pdftex.def)             Requested size: 335.24657pt x 174.24791pt.
File: 000logos/upm.png Graphic file (type png)
<use 000logos/upm.png>
Package pdftex.def Info: 000logos/upm.png  used on input line 1861.
(pdftex.def)             Requested size: 17.07164pt x 18.92484pt.
 [104

 <./figs-abaqus/06_0_mesh-seeds1.png>]
<figs-abaqus/06_element-type0.png, id=2493, 878.28125pt x 456.70625pt>
File: figs-abaqus/06_element-type0.png Graphic file (type png)
<use figs-abaqus/06_element-type0.png>
Package pdftex.def Info: figs-abaqus/06_element-type0.png  used on input line 1
874.
(pdftex.def)             Requested size: 263.4864pt x 137.01292pt.

Overfull \hbox (58.02313pt too wide) in paragraph at lines 1874--1874
[][]  
 []

<figs-abaqus/07_element-eb.png, id=2494, 687.56876pt x 538.01pt>
File: figs-abaqus/07_element-eb.png Graphic file (type png)
<use figs-abaqus/07_element-eb.png>
Package pdftex.def Info: figs-abaqus/07_element-eb.png  used on input line 1874
.
(pdftex.def)             Requested size: 158.13748pt x 123.73969pt.
<figs-abaqus/07_element-timo.png, id=2495, 687.56876pt x 538.01pt>
File: figs-abaqus/07_element-timo.png Graphic file (type png)
<use figs-abaqus/07_element-timo.png>
Package pdftex.def Info: figs-abaqus/07_element-timo.png  used on input line 18
74.
(pdftex.def)             Requested size: 158.13748pt x 123.73969pt.

Overfull \hbox (21.16545pt too wide) in paragraph at lines 1874--1874
[][] 
 []


Overfull \hbox (21.16545pt too wide) in paragraph at lines 1874--1874
[]  
 []


Overfull \vbox (15.70378pt too high) detected at line 1874
 []

File: 000logos/upm.png Graphic file (type png)
<use 000logos/upm.png>
Package pdftex.def Info: 000logos/upm.png  used on input line 1874.
(pdftex.def)             Requested size: 17.07164pt x 18.92484pt.
[105

 <./figs-abaqus/06_element-type0.png> <./figs-abaqus/07_element-eb.png> <./figs
-abaqus/07_element-timo.png>]
<figs-abaqus/07_results-1.png, id=2514, 1105.12875pt x 661.47125pt>
File: figs-abaqus/07_results-1.png Graphic file (type png)
<use figs-abaqus/07_results-1.png>
Package pdftex.def Info: figs-abaqus/07_results-1.png  used on input line 1880.

(pdftex.def)             Requested size: 331.54118pt x 198.4429pt.
File: 000logos/upm.png Graphic file (type png)
<use 000logos/upm.png>
Package pdftex.def Info: 000logos/upm.png  used on input line 1880.
(pdftex.def)             Requested size: 17.07164pt x 18.92484pt.
 [106

 <./figs-abaqus/07_results-1.png>]
<figs-abaqus/07_results-3.png, id=2531, 1105.12875pt x 661.47125pt>
File: figs-abaqus/07_results-3.png Graphic file (type png)
<use figs-abaqus/07_results-3.png>
Package pdftex.def Info: figs-abaqus/07_results-3.png  used on input line 1886.

(pdftex.def)             Requested size: 331.54118pt x 198.4429pt.
File: 000logos/upm.png Graphic file (type png)
<use 000logos/upm.png>
Package pdftex.def Info: 000logos/upm.png  used on input line 1886.
(pdftex.def)             Requested size: 17.07164pt x 18.92484pt.

[107

 <./figs-abaqus/07_results-3.png>]
<figs-abaqus/07_results-4.png, id=2548, 1041.8925pt x 626.34pt>
File: figs-abaqus/07_results-4.png Graphic file (type png)
<use figs-abaqus/07_results-4.png>
Package pdftex.def Info: figs-abaqus/07_results-4.png  used on input line 1892.

(pdftex.def)             Requested size: 312.57016pt x 187.90344pt.
File: 000logos/upm.png Graphic file (type png)
<use 000logos/upm.png>
Package pdftex.def Info: 000logos/upm.png  used on input line 1892.
(pdftex.def)             Requested size: 17.07164pt x 18.92484pt.
 [108

 <./figs-abaqus/07_results-4.png>]
<figs-abaqus/07_results-5.png, id=2565, 1041.8925pt x 626.34pt>
File: figs-abaqus/07_results-5.png Graphic file (type png)
<use figs-abaqus/07_results-5.png>
Package pdftex.def Info: figs-abaqus/07_results-5.png  used on input line 1898.

(pdftex.def)             Requested size: 312.57016pt x 187.90344pt.
File: 000logos/upm.png Graphic file (type png)
<use 000logos/upm.png>
Package pdftex.def Info: 000logos/upm.png  used on input line 1898.
(pdftex.def)             Requested size: 17.07164pt x 18.92484pt.

[109

 <./figs-abaqus/07_results-5.png>]
\tf@nav=\write6
\openout6 = `1065vigas.nav'.

\tf@toc=\write7
\openout7 = `1065vigas.toc'.

\tf@snm=\write8
\openout8 = `1065vigas.snm'.

 (./1065vigas.aux)

LaTeX Warning: There were undefined references.


LaTeX Warning: Label(s) may have changed. Rerun to get cross-references right.


Package rerunfilecheck Warning: File `1065vigas.out' has changed.
(rerunfilecheck)                Rerun to get outlines right
(rerunfilecheck)                or use package `bookmark'.

Package rerunfilecheck Info: Checksums for `1065vigas.out':
(rerunfilecheck)             Before: <no file>
(rerunfilecheck)             After:  654CE2D595485BDF21F36C0C5B3B138C;2403.
 ) 
Here is how much of TeX's memory you used:
 23842 strings out of 476025
 477690 string characters out of 5790017
 1874388 words of memory out of 5000000
 43424 multiletter control sequences out of 15000+600000
 549530 words of font info for 119 fonts, out of 8000000 for 9000
 1141 hyphenation exceptions out of 8191
 128i,30n,122p,413b,973s stack positions out of 10000i,1000n,20000p,200000b,200000s

pdfTeX warning (dest): name{eq:FDt} has been referenced but does not exist, rep
laced by a fixed one


pdfTeX warning (dest): name{eq:FDVt} has been referenced but does not exist, re
placed by a fixed one


pdfTeX warning (dest): name{eq:FDMt} has been referenced but does not exist, re
placed by a fixed one

</usr/local/texlive/2023/texmf-dist/fonts/type1/public/amsfonts/cm/cmbx10.pfb><
/usr/local/texlive/2023/texmf-dist/fonts/type1/public/amsfonts/cm/cmex10.pfb></
usr/local/texlive/2023/texmf-dist/fonts/type1/public/amsfonts/cm/cmmi10.pfb></u
sr/local/texlive/2023/texmf-dist/fonts/type1/public/amsfonts/cm/cmmi12.pfb></us
r/local/texlive/2023/texmf-dist/fonts/type1/public/amsfonts/cm/cmmi6.pfb></usr/
local/texlive/2023/texmf-dist/fonts/type1/public/amsfonts/cm/cmmi8.pfb></usr/lo
cal/texlive/2023/texmf-dist/fonts/type1/public/amsfonts/cm/cmmib10.pfb></usr/lo
cal/texlive/2023/texmf-dist/fonts/type1/public/amsfonts/cm/cmr10.pfb></usr/loca
l/texlive/2023/texmf-dist/fonts/type1/public/amsfonts/cm/cmr12.pfb></usr/local/
texlive/2023/texmf-dist/fonts/type1/public/amsfonts/cm/cmr17.pfb></usr/local/te
xlive/2023/texmf-dist/fonts/type1/public/amsfonts/cm/cmr6.pfb></usr/local/texli
ve/2023/texmf-dist/fonts/type1/public/amsfonts/cm/cmr8.pfb></usr/local/texlive/
2023/texmf-dist/fonts/type1/public/amsfonts/cm/cmsy10.pfb></usr/local/texlive/2
023/texmf-dist/fonts/type1/public/amsfonts/cm/cmsy6.pfb></usr/local/texlive/202
3/texmf-dist/fonts/type1/public/amsfonts/cm/cmsy8.pfb></usr/local/texlive/2023/
texmf-dist/fonts/type1/public/amsfonts/latxfont/line10.pfb></usr/local/texlive/
2023/texmf-dist/fonts/type1/public/amsfonts/symbols/msam10.pfb></usr/local/texl
ive/2023/texmf-dist/fonts/type1/public/cm-super/sfrm1440.pfb></usr/local/texliv
e/2023/texmf-dist/fonts/type1/public/cm-super/sfrm2074.pfb></usr/local/texlive/
2023/texmf-dist/fonts/type1/public/cm-super/sfsi0800.pfb></usr/local/texlive/20
23/texmf-dist/fonts/type1/public/cm-super/sfsi1000.pfb></usr/local/texlive/2023
/texmf-dist/fonts/type1/public/cm-super/sfsi1095.pfb></usr/local/texlive/2023/t
exmf-dist/fonts/type1/public/cm-super/sfss0700.pfb></usr/local/texlive/2023/tex
mf-dist/fonts/type1/public/cm-super/sfss0800.pfb></usr/local/texlive/2023/texmf
-dist/fonts/type1/public/cm-super/sfss1000.pfb></usr/local/texlive/2023/texmf-d
ist/fonts/type1/public/cm-super/sfss1095.pfb></usr/local/texlive/2023/texmf-dis
t/fonts/type1/public/cm-super/sfss2074.pfb></usr/local/texlive/2023/texmf-dist/
fonts/type1/public/cm-super/sfsx0600.pfb></usr/local/texlive/2023/texmf-dist/fo
nts/type1/public/cm-super/sfsx0800.pfb></usr/local/texlive/2023/texmf-dist/font
s/type1/public/cm-super/sfsx0900.pfb></usr/local/texlive/2023/texmf-dist/fonts/
type1/public/cm-super/sfsx1095.pfb></usr/local/texlive/2023/texmf-dist/fonts/ty
pe1/public/cm-super/sfsx1440.pfb>
Output written on 1065vigas.pdf (109 pages, 22827183 bytes).
PDF statistics:
 2758 PDF objects out of 2984 (max. 8388607)
 2174 compressed objects within 22 object streams
 257 named destinations out of 1000 (max. 500000)
 1035 words of extra memory for PDF output out of 10000 (max. 10000000)

